{"timestamp": "2026-07-01T21:18:11.496Z", "correlation_id": "sc10-0000-0000-0000-000000000000", "tenant_id": "6c8b4b2b-4d45-4209-a1b4-4b532d56a31c", "event": "alert_received", "namespace": "tenant-a"}
{"timestamp": "2026-07-01T21:18:11.496Z", "correlation_id": "sc10-0000-0000-0000-000000000000", "tenant_id": "6c8b4b2b-4d45-4209-a1b4-4b532d56a31c", "event": "detect_called"}
{"timestamp": "2026-07-01T21:18:11.498Z", "correlation_id": "sc10-0000-0000-0000-000000000000", "tenant_id": "6c8b4b2b-4d45-4209-a1b4-4b532d56a31c", "event": "detect_response_received", "result": "ok", "anomaly": true, "confidence": 0.92, "severity": 0.85}
{"timestamp": "2026-07-01T21:18:11.498Z", "correlation_id": "sc10-0000-0000-0000-000000000000", "tenant_id": "6c8b4b2b-4d45-4209-a1b4-4b532d56a31c", "event": "pre_decide_decision", "decision": "proceed_to_decide"}
{"timestamp": "2026-07-01T21:18:11.498Z", "correlation_id": "sc10-0000-0000-0000-000000000000", "tenant_id": "6c8b4b2b-4d45-4209-a1b4-4b532d56a31c", "event": "idempotency_lock_acquired", "idempotency_key": "c6be7039-5cd5-4b56-8942-313001de7ded"}
{"timestamp": "2026-07-01T21:18:11.498Z", "correlation_id": "sc10-0000-0000-0000-000000000000", "tenant_id": "6c8b4b2b-4d45-4209-a1b4-4b532d56a31c", "event": "decide_called", "idempotency_key": "c6be7039-5cd5-4b56-8942-313001de7ded"}
{"timestamp": "2026-07-01T21:18:11.499Z", "correlation_id": "sc10-0000-0000-0000-000000000000", "tenant_id": "6c8b4b2b-4d45-4209-a1b4-4b532d56a31c", "event": "action_plan_received", "action_type": "SCALE_REPLICAS", "pattern_type": "deferred", "runbook": "CapacityScaleRunbook", "cost_cap_exceeded": false}
{"timestamp": "2026-07-01T21:18:11.499Z", "correlation_id": "sc10-0000-0000-0000-000000000000", "tenant_id": "6c8b4b2b-4d45-4209-a1b4-4b532d56a31c", "event": "safety_passed", "decision": "allow", "checks": "pattern_type_valid,verify_policy_present,action_allow_list,pattern_routing,tenant_match,blast_radius"}
{"timestamp": "2026-07-01T21:18:11.499Z", "correlation_id": "sc10-0000-0000-0000-000000000000", "tenant_id": "6c8b4b2b-4d45-4209-a1b4-4b532d56a31c", "event": "rollback_snapshot_captured", "namespace": "tenant-a", "snapshot_type": "deferred"}
{"timestamp": "2026-07-01T21:18:11.499Z", "correlation_id": "sc10-0000-0000-0000-000000000000", "tenant_id": "6c8b4b2b-4d45-4209-a1b4-4b532d56a31c", "event": "execute_done", "namespace": "tenant-a", "action_type": "SCALE_REPLICAS", "result": "success", "target": "deployment/cdo-sample-api"}
{"timestamp": "2026-07-01T21:18:11.499Z", "correlation_id": "sc10-0000-0000-0000-000000000000", "tenant_id": "6c8b4b2b-4d45-4209-a1b4-4b532d56a31c", "event": "verify_called"}
{"timestamp": "2026-07-01T21:18:11.525Z", "correlation_id": "sc10-0000-0000-0000-000000000000", "tenant_id": "6c8b4b2b-4d45-4209-a1b4-4b532d56a31c", "event": "verify_done", "result": "ok", "next_action": "DONE", "success": true, "regression": false}
{"timestamp": "2026-07-01T21:18:11.525Z", "correlation_id": "sc10-0000-0000-0000-000000000000", "tenant_id": "6c8b4b2b-4d45-4209-a1b4-4b532d56a31c", "event": "incident_closed", "result": "auto_resolved"}
{"timestamp": "2026-07-01T21:18:11.525Z", "correlation_id": "sc11-0000-0000-0000-000000000000", "tenant_id": "6c8b4b2b-4d45-4209-a1b4-4b532d56a31c", "event": "alert_received", "namespace": "tenant-a"}
{"timestamp": "2026-07-01T21:18:11.525Z", "correlation_id": "sc11-0000-0000-0000-000000000000", "tenant_id": "6c8b4b2b-4d45-4209-a1b4-4b532d56a31c", "event": "detect_called"}
{"timestamp": "2026-07-01T21:18:11.527Z", "correlation_id": "sc11-0000-0000-0000-000000000000", "tenant_id": "6c8b4b2b-4d45-4209-a1b4-4b532d56a31c", "event": "detect_response_received", "result": "ok", "anomaly": true, "confidence": 0.92, "severity": 0.85}
{"timestamp": "2026-07-01T21:18:11.527Z", "correlation_id": "sc11-0000-0000-0000-000000000000", "tenant_id": "6c8b4b2b-4d45-4209-a1b4-4b532d56a31c", "event": "pre_decide_decision", "decision": "proceed_to_decide"}
{"timestamp": "2026-07-01T21:18:11.527Z", "correlation_id": "sc11-0000-0000-0000-000000000000", "tenant_id": "6c8b4b2b-4d45-4209-a1b4-4b532d56a31c", "event": "idempotency_lock_acquired", "idempotency_key": "482ccfcb-d07c-4130-88ca-f50440f3dd96"}
{"timestamp": "2026-07-01T21:18:11.527Z", "correlation_id": "sc11-0000-0000-0000-000000000000", "tenant_id": "6c8b4b2b-4d45-4209-a1b4-4b532d56a31c", "event": "decide_called", "idempotency_key": "482ccfcb-d07c-4130-88ca-f50440f3dd96"}
{"timestamp": "2026-07-01T21:18:11.528Z", "correlation_id": "sc11-0000-0000-0000-000000000000", "tenant_id": "6c8b4b2b-4d45-4209-a1b4-4b532d56a31c", "event": "action_plan_received", "action_type": "RESTART_DEPLOYMENT", "pattern_type": "urgent", "runbook": "ServiceStuckRestartRunbook", "cost_cap_exceeded": false}
{"timestamp": "2026-07-01T21:18:11.528Z", "correlation_id": "sc11-0000-0000-0000-000000000000", "tenant_id": "6c8b4b2b-4d45-4209-a1b4-4b532d56a31c", "event": "safety_denied", "action_type": "RESTART_DEPLOYMENT", "decision": "deny", "reason": "denied_cross_tenant", "detail": "target ns=tenant-b ≠ incident ns=tenant-a"}
{"timestamp": "2026-07-01T21:18:11.528Z", "correlation_id": "sc11-0000-0000-0000-000000000000", "tenant_id": "6c8b4b2b-4d45-4209-a1b4-4b532d56a31c", "event": "escalated", "namespace": "tenant-a", "decision": "escalate", "reason": "denied_cross_tenant", "escalation_bundle": {"reason": "Safety Gate từ chối: target nằm ngoài tenant của sự cố (cross-tenant).", "logs": ["detect: anomaly=True conf=0.92 sev=0.85 :: mock detect scenario=cross_tenant", "action_attempted: RESTART_DEPLOYMENT target=deployment/cdo-sample-api runbook=ServiceStuckRestartRunbook pattern=urgent"], "metrics": {"correlation_id": "sc11-0000-0000-0000-000000000000", "namespace": "tenant-a", "escalation_reason_code": "denied_cross_tenant", "confidence": 0.92, "severity": 0.85, "suspected_fault_type": "cross_tenant", "pod_waiting_reason": "CrashLoopBackOff"}}}
{"timestamp": "2026-07-01T21:18:11.528Z", "correlation_id": "sc11-0000-0000-0000-000000000000", "tenant_id": "6c8b4b2b-4d45-4209-a1b4-4b532d56a31c", "event": "escalation_delivered", "reason": "denied_cross_tenant", "channel": "mock_pager"}
{"timestamp": "2026-07-01T21:18:11.528Z", "correlation_id": "sc12-0000-0000-0000-000000000000", "tenant_id": "6c8b4b2b-4d45-4209-a1b4-4b532d56a31c", "event": "alert_received", "namespace": "tenant-a"}
{"timestamp": "2026-07-01T21:18:11.528Z", "correlation_id": "sc12-0000-0000-0000-000000000000", "tenant_id": "6c8b4b2b-4d45-4209-a1b4-4b532d56a31c", "event": "detect_called"}
{"timestamp": "2026-07-01T21:18:11.530Z", "correlation_id": "sc12-0000-0000-0000-000000000000", "tenant_id": "6c8b4b2b-4d45-4209-a1b4-4b532d56a31c", "event": "detect_response_received", "result": "ok", "anomaly": true, "confidence": 0.92, "severity": 0.85}
{"timestamp": "2026-07-01T21:18:11.530Z", "correlation_id": "sc12-0000-0000-0000-000000000000", "tenant_id": "6c8b4b2b-4d45-4209-a1b4-4b532d56a31c", "event": "pre_decide_decision", "decision": "proceed_to_decide"}
{"timestamp": "2026-07-01T21:18:11.530Z", "correlation_id": "sc12-0000-0000-0000-000000000000", "tenant_id": "6c8b4b2b-4d45-4209-a1b4-4b532d56a31c", "event": "idempotency_lock_acquired", "idempotency_key": "771d94ec-9fef-4f0d-9f1e-f4cbb3da9bdc"}
{"timestamp": "2026-07-01T21:18:11.530Z", "correlation_id": "sc12-0000-0000-0000-000000000000", "tenant_id": "6c8b4b2b-4d45-4209-a1b4-4b532d56a31c", "event": "decide_called", "idempotency_key": "771d94ec-9fef-4f0d-9f1e-f4cbb3da9bdc"}
{"timestamp": "2026-07-01T21:18:11.556Z", "correlation_id": "sc12-0000-0000-0000-000000000000", "tenant_id": "6c8b4b2b-4d45-4209-a1b4-4b532d56a31c", "event": "action_plan_received", "action_type": "DELETE_NAMESPACE", "pattern_type": "urgent", "runbook": "n/a", "cost_cap_exceeded": false}
{"timestamp": "2026-07-01T21:18:11.556Z", "correlation_id": "sc12-0000-0000-0000-000000000000", "tenant_id": "6c8b4b2b-4d45-4209-a1b4-4b532d56a31c", "event": "safety_denied", "action_type": "DELETE_NAMESPACE", "decision": "deny", "reason": "denied_action_not_allowed", "detail": "DELETE_NAMESPACE"}
{"timestamp": "2026-07-01T21:18:11.556Z", "correlation_id": "sc12-0000-0000-0000-000000000000", "tenant_id": "6c8b4b2b-4d45-4209-a1b4-4b532d56a31c", "event": "escalated", "namespace": "tenant-a", "decision": "escalate", "reason": "denied_action_not_allowed", "escalation_bundle": {"reason": "Safety Gate từ chối: action không thuộc allow-list.", "logs": ["detect: anomaly=True conf=0.92 sev=0.85 :: mock detect scenario=unsafe_action", "action_attempted: DELETE_NAMESPACE target=deployment/cdo-sample-api runbook=n/a pattern=urgent"], "metrics": {"correlation_id": "sc12-0000-0000-0000-000000000000", "namespace": "tenant-a", "escalation_reason_code": "denied_action_not_allowed", "confidence": 0.92, "severity": 0.85, "suspected_fault_type": "unsafe_action", "pod_waiting_reason": "CrashLoopBackOff"}}}
{"timestamp": "2026-07-01T21:18:11.556Z", "correlation_id": "sc12-0000-0000-0000-000000000000", "tenant_id": "6c8b4b2b-4d45-4209-a1b4-4b532d56a31c", "event": "escalation_delivered", "reason": "denied_action_not_allowed", "channel": "mock_pager"}
{"timestamp": "2026-07-01T21:18:11.556Z", "correlation_id": "sc13-0000-0000-0000-000000000000", "tenant_id": "6c8b4b2b-4d45-4209-a1b4-4b532d56a31c", "event": "alert_received", "namespace": "tenant-a"}
{"timestamp": "2026-07-01T21:18:11.556Z", "correlation_id": "sc13-0000-0000-0000-000000000000", "tenant_id": "6c8b4b2b-4d45-4209-a1b4-4b532d56a31c", "event": "detect_called"}
{"timestamp": "2026-07-01T21:18:11.572Z", "correlation_id": "sc13-0000-0000-0000-000000000000", "tenant_id": "6c8b4b2b-4d45-4209-a1b4-4b532d56a31c", "event": "detect_response_received", "result": "ok", "anomaly": true, "confidence": 0.55, "severity": 0.3}
{"timestamp": "2026-07-01T21:18:11.572Z", "correlation_id": "sc13-0000-0000-0000-000000000000", "tenant_id": "6c8b4b2b-4d45-4209-a1b4-4b532d56a31c", "event": "pre_decide_decision", "decision": "low_confidence_no_action"}
{"timestamp": "2026-07-01T21:18:11.572Z", "correlation_id": "sc13-0000-0000-0000-000000000000", "tenant_id": "6c8b4b2b-4d45-4209-a1b4-4b532d56a31c", "event": "incident_closed", "result": "no_action", "reason": "low_confidence_no_action"}
{"timestamp": "2026-07-01T21:18:11.572Z", "correlation_id": "sc14-0000-0000-0000-000000000000", "tenant_id": "6c8b4b2b-4d45-4209-a1b4-4b532d56a31c", "event": "alert_received", "namespace": "tenant-a"}
{"timestamp": "2026-07-01T21:18:11.572Z", "correlation_id": "sc14-0000-0000-0000-000000000000", "tenant_id": "6c8b4b2b-4d45-4209-a1b4-4b532d56a31c", "event": "detect_called"}
{"timestamp": "2026-07-01T21:18:11.588Z", "correlation_id": "sc14-0000-0000-0000-000000000000", "tenant_id": "6c8b4b2b-4d45-4209-a1b4-4b532d56a31c", "event": "detect_response_received", "result": "ok", "anomaly": true, "confidence": 0.92, "severity": 0.85}
{"timestamp": "2026-07-01T21:18:11.588Z", "correlation_id": "sc14-0000-0000-0000-000000000000", "tenant_id": "6c8b4b2b-4d45-4209-a1b4-4b532d56a31c", "event": "pre_decide_decision", "decision": "proceed_to_decide"}
{"timestamp": "2026-07-01T21:18:11.588Z", "correlation_id": "sc14-0000-0000-0000-000000000000", "tenant_id": "6c8b4b2b-4d45-4209-a1b4-4b532d56a31c", "event": "idempotency_lock_acquired", "idempotency_key": "e1504f86-56b3-4906-9714-4ca9d9a0fa9b"}
{"timestamp": "2026-07-01T21:18:11.588Z", "correlation_id": "sc14-0000-0000-0000-000000000000", "tenant_id": "6c8b4b2b-4d45-4209-a1b4-4b532d56a31c", "event": "decide_called", "idempotency_key": "e1504f86-56b3-4906-9714-4ca9d9a0fa9b"}
{"timestamp": "2026-07-01T21:18:11.604Z", "correlation_id": "sc14-0000-0000-0000-000000000000", "tenant_id": "6c8b4b2b-4d45-4209-a1b4-4b532d56a31c", "event": "action_plan_received", "action_type": "RESTART_DEPLOYMENT", "pattern_type": "urgent", "runbook": "ServiceStuckRestartRunbook", "cost_cap_exceeded": false}
{"timestamp": "2026-07-01T21:18:11.604Z", "correlation_id": "sc14-0000-0000-0000-000000000000", "tenant_id": "6c8b4b2b-4d45-4209-a1b4-4b532d56a31c", "event": "safety_passed", "decision": "allow", "checks": "pattern_type_valid,verify_policy_present,action_allow_list,pattern_routing,tenant_match,blast_radius"}
{"timestamp": "2026-07-01T21:18:11.604Z", "correlation_id": "sc14-0000-0000-0000-000000000000", "tenant_id": "6c8b4b2b-4d45-4209-a1b4-4b532d56a31c", "event": "rollback_snapshot_captured", "namespace": "tenant-a", "snapshot_type": "urgent"}
{"timestamp": "2026-07-01T21:18:11.604Z", "correlation_id": "sc14-0000-0000-0000-000000000000", "tenant_id": "6c8b4b2b-4d45-4209-a1b4-4b532d56a31c", "event": "execute_done", "namespace": "tenant-a", "action_type": "RESTART_DEPLOYMENT", "result": "success", "target": "deployment/cdo-sample-api"}
{"timestamp": "2026-07-01T21:18:11.604Z", "correlation_id": "sc14-0000-0000-0000-000000000000", "tenant_id": "6c8b4b2b-4d45-4209-a1b4-4b532d56a31c", "event": "verify_called"}
{"timestamp": "2026-07-01T21:18:11.605Z", "correlation_id": "sc14-0000-0000-0000-000000000000", "tenant_id": "6c8b4b2b-4d45-4209-a1b4-4b532d56a31c", "event": "verify_done", "result": "ok", "next_action": "ESCALATE", "success": false, "regression": false}
{"timestamp": "2026-07-01T21:18:11.605Z", "correlation_id": "sc14-0000-0000-0000-000000000000", "tenant_id": "6c8b4b2b-4d45-4209-a1b4-4b532d56a31c", "event": "escalated", "namespace": "tenant-a", "decision": "escalate", "reason": "verify_escalate", "escalation_bundle": {"reason": "Sau RESTART, error_rate vẫn vượt ngưỡng — AI không tự xử được.", "logs": ["app: connection pool exhausted", "app: 503 upstream", "detect: anomaly=True conf=0.92 sev=0.85 :: mock detect scenario=verify_escalate", "action_attempted: RESTART_DEPLOYMENT target=deployment/cdo-sample-api runbook=ServiceStuckRestartRunbook pattern=urgent", "execute_result: status=COMPLETED detail={'action': 'RESTART_DEPLOYMENT', 'namespace': 'tenant-a', 'name': 'cdo-sample-api', 'dry_run': False, 'status': 'MOCK_OK'}", "rollback_snapshot: type=urgent at=2026-07-01T21:18:11Z"], "metrics": {"correlation_id": "sc14-0000-0000-0000-000000000000", "namespace": "tenant-a", "escalation_reason_code": "verify_escalate", "confidence": 0.92, "severity": 0.85, "suspected_fault_type": "verify_escalate", "service_error_rate": 0.4, "error_rate": 0.42, "p95_latency_ms": 3100}}}
{"timestamp": "2026-07-01T21:18:11.605Z", "correlation_id": "sc14-0000-0000-0000-000000000000", "tenant_id": "6c8b4b2b-4d45-4209-a1b4-4b532d56a31c", "event": "escalation_delivered", "reason": "verify_escalate", "channel": "mock_pager"}
{"timestamp": "2026-07-01T21:18:12.606Z", "correlation_id": "sc01-0000-0000-0000-000000000000", "tenant_id": "6c8b4b2b-4d45-4209-a1b4-4b532d56a31c", "event": "alert_received", "namespace": "tenant-a"}
{"timestamp": "2026-07-01T21:18:12.606Z", "correlation_id": "sc01-0000-0000-0000-000000000000", "tenant_id": "6c8b4b2b-4d45-4209-a1b4-4b532d56a31c", "event": "detect_called"}
{"timestamp": "2026-07-01T21:18:12.611Z", "correlation_id": "sc01-0000-0000-0000-000000000000", "tenant_id": "6c8b4b2b-4d45-4209-a1b4-4b532d56a31c", "event": "detect_response_received", "result": "ok", "anomaly": true, "confidence": 0.92, "severity": 0.85}
{"timestamp": "2026-07-01T21:18:12.611Z", "correlation_id": "sc01-0000-0000-0000-000000000000", "tenant_id": "6c8b4b2b-4d45-4209-a1b4-4b532d56a31c", "event": "pre_decide_decision", "decision": "proceed_to_decide"}
{"timestamp": "2026-07-01T21:18:12.611Z", "correlation_id": "sc01-0000-0000-0000-000000000000", "tenant_id": "6c8b4b2b-4d45-4209-a1b4-4b532d56a31c", "event": "idempotency_lock_acquired", "idempotency_key": "58af636d-ee85-47d9-bf89-fea0ea60a400"}
{"timestamp": "2026-07-01T21:18:12.611Z", "correlation_id": "sc01-0000-0000-0000-000000000000", "tenant_id": "6c8b4b2b-4d45-4209-a1b4-4b532d56a31c", "event": "decide_called", "idempotency_key": "58af636d-ee85-47d9-bf89-fea0ea60a400"}
{"timestamp": "2026-07-01T21:18:12.614Z", "correlation_id": "sc01-0000-0000-0000-000000000000", "tenant_id": "6c8b4b2b-4d45-4209-a1b4-4b532d56a31c", "event": "action_plan_received", "action_type": "PATCH_MEMORY_LIMIT", "pattern_type": "urgent", "runbook": "OOMPatchMemoryRunbook", "cost_cap_exceeded": false}
{"timestamp": "2026-07-01T21:18:12.614Z", "correlation_id": "sc01-0000-0000-0000-000000000000", "tenant_id": "6c8b4b2b-4d45-4209-a1b4-4b532d56a31c", "event": "safety_passed", "decision": "allow", "checks": "pattern_type_valid,verify_policy_present,action_allow_list,pattern_routing,tenant_match,blast_radius"}
{"timestamp": "2026-07-01T21:18:12.614Z", "correlation_id": "sc01-0000-0000-0000-000000000000", "tenant_id": "6c8b4b2b-4d45-4209-a1b4-4b532d56a31c", "event": "rollback_snapshot_captured", "namespace": "tenant-a", "snapshot_type": "urgent"}
{"timestamp": "2026-07-01T21:18:12.614Z", "correlation_id": "sc01-0000-0000-0000-000000000000", "tenant_id": "6c8b4b2b-4d45-4209-a1b4-4b532d56a31c", "event": "execute_done", "namespace": "tenant-a", "action_type": "PATCH_MEMORY_LIMIT", "result": "success", "target": "deployment/cdo-sample-api"}
{"timestamp": "2026-07-01T21:18:12.614Z", "correlation_id": "sc01-0000-0000-0000-000000000000", "tenant_id": "6c8b4b2b-4d45-4209-a1b4-4b532d56a31c", "event": "verify_called"}
{"timestamp": "2026-07-01T21:18:12.616Z", "correlation_id": "sc01-0000-0000-0000-000000000000", "tenant_id": "6c8b4b2b-4d45-4209-a1b4-4b532d56a31c", "event": "verify_done", "result": "ok", "next_action": "DONE", "success": true, "regression": false}
{"timestamp": "2026-07-01T21:18:12.616Z", "correlation_id": "sc01-0000-0000-0000-000000000000", "tenant_id": "6c8b4b2b-4d45-4209-a1b4-4b532d56a31c", "event": "incident_closed", "result": "auto_resolved"}
{"timestamp": "2026-07-01T21:18:12.617Z", "correlation_id": "sc02-0000-0000-0000-000000000000", "tenant_id": "6c8b4b2b-4d45-4209-a1b4-4b532d56a31c", "event": "alert_received", "namespace": "tenant-a"}
{"timestamp": "2026-07-01T21:18:12.617Z", "correlation_id": "sc02-0000-0000-0000-000000000000", "tenant_id": "6c8b4b2b-4d45-4209-a1b4-4b532d56a31c", "event": "detect_called"}
{"timestamp": "2026-07-01T21:18:12.632Z", "correlation_id": "sc02-0000-0000-0000-000000000000", "tenant_id": "6c8b4b2b-4d45-4209-a1b4-4b532d56a31c", "event": "detect_response_received", "result": "ok", "anomaly": true, "confidence": 0.92, "severity": 0.85}
{"timestamp": "2026-07-01T21:18:12.632Z", "correlation_id": "sc02-0000-0000-0000-000000000000", "tenant_id": "6c8b4b2b-4d45-4209-a1b4-4b532d56a31c", "event": "pre_decide_decision", "decision": "proceed_to_decide"}
{"timestamp": "2026-07-01T21:18:12.632Z", "correlation_id": "sc02-0000-0000-0000-000000000000", "tenant_id": "6c8b4b2b-4d45-4209-a1b4-4b532d56a31c", "event": "idempotency_lock_acquired", "idempotency_key": "82b9a9ab-30af-446c-b5ea-4bba73cbd67a"}
{"timestamp": "2026-07-01T21:18:12.632Z", "correlation_id": "sc02-0000-0000-0000-000000000000", "tenant_id": "6c8b4b2b-4d45-4209-a1b4-4b532d56a31c", "event": "decide_called", "idempotency_key": "82b9a9ab-30af-446c-b5ea-4bba73cbd67a"}
{"timestamp": "2026-07-01T21:18:12.647Z", "correlation_id": "sc02-0000-0000-0000-000000000000", "tenant_id": "6c8b4b2b-4d45-4209-a1b4-4b532d56a31c", "event": "action_plan_received", "action_type": "RESTART_DEPLOYMENT", "pattern_type": "urgent", "runbook": "ServiceStuckRestartRunbook", "cost_cap_exceeded": false}
{"timestamp": "2026-07-01T21:18:12.647Z", "correlation_id": "sc02-0000-0000-0000-000000000000", "tenant_id": "6c8b4b2b-4d45-4209-a1b4-4b532d56a31c", "event": "safety_passed", "decision": "allow", "checks": "pattern_type_valid,verify_policy_present,action_allow_list,pattern_routing,tenant_match,blast_radius"}
{"timestamp": "2026-07-01T21:18:12.647Z", "correlation_id": "sc02-0000-0000-0000-000000000000", "tenant_id": "6c8b4b2b-4d45-4209-a1b4-4b532d56a31c", "event": "rollback_snapshot_captured", "namespace": "tenant-a", "snapshot_type": "urgent"}
{"timestamp": "2026-07-01T21:18:12.647Z", "correlation_id": "sc02-0000-0000-0000-000000000000", "tenant_id": "6c8b4b2b-4d45-4209-a1b4-4b532d56a31c", "event": "execute_done", "namespace": "tenant-a", "action_type": "RESTART_DEPLOYMENT", "result": "success", "target": "deployment/cdo-sample-api"}
{"timestamp": "2026-07-01T21:18:12.647Z", "correlation_id": "sc02-0000-0000-0000-000000000000", "tenant_id": "6c8b4b2b-4d45-4209-a1b4-4b532d56a31c", "event": "verify_called"}
{"timestamp": "2026-07-01T21:18:12.649Z", "correlation_id": "sc02-0000-0000-0000-000000000000", "tenant_id": "6c8b4b2b-4d45-4209-a1b4-4b532d56a31c", "event": "verify_done", "result": "ok", "next_action": "DONE", "success": true, "regression": false}
{"timestamp": "2026-07-01T21:18:12.649Z", "correlation_id": "sc02-0000-0000-0000-000000000000", "tenant_id": "6c8b4b2b-4d45-4209-a1b4-4b532d56a31c", "event": "incident_closed", "result": "auto_resolved"}
{"timestamp": "2026-07-01T21:18:12.649Z", "correlation_id": "sc03-0000-0000-0000-000000000000", "tenant_id": "6c8b4b2b-4d45-4209-a1b4-4b532d56a31c", "event": "alert_received", "namespace": "tenant-a"}
{"timestamp": "2026-07-01T21:18:12.649Z", "correlation_id": "sc03-0000-0000-0000-000000000000", "tenant_id": "6c8b4b2b-4d45-4209-a1b4-4b532d56a31c", "event": "detect_called"}
{"timestamp": "2026-07-01T21:18:12.663Z", "correlation_id": "sc03-0000-0000-0000-000000000000", "tenant_id": "6c8b4b2b-4d45-4209-a1b4-4b532d56a31c", "event": "detect_response_received", "result": "ok", "anomaly": true, "confidence": 0.92, "severity": 0.85}
{"timestamp": "2026-07-01T21:18:12.663Z", "correlation_id": "sc03-0000-0000-0000-000000000000", "tenant_id": "6c8b4b2b-4d45-4209-a1b4-4b532d56a31c", "event": "pre_decide_decision", "decision": "proceed_to_decide"}
{"timestamp": "2026-07-01T21:18:12.663Z", "correlation_id": "sc03-0000-0000-0000-000000000000", "tenant_id": "6c8b4b2b-4d45-4209-a1b4-4b532d56a31c", "event": "idempotency_lock_acquired", "idempotency_key": "c539f47e-635c-40f6-a2ae-b809ba2312fc"}
{"timestamp": "2026-07-01T21:18:12.663Z", "correlation_id": "sc03-0000-0000-0000-000000000000", "tenant_id": "6c8b4b2b-4d45-4209-a1b4-4b532d56a31c", "event": "decide_called", "idempotency_key": "c539f47e-635c-40f6-a2ae-b809ba2312fc"}
{"timestamp": "2026-07-01T21:18:12.678Z", "correlation_id": "sc03-0000-0000-0000-000000000000", "tenant_id": "6c8b4b2b-4d45-4209-a1b4-4b532d56a31c", "event": "action_plan_received", "action_type": "RESTART_DEPLOYMENT", "pattern_type": "urgent", "runbook": "ServiceStuckRestartRunbook", "cost_cap_exceeded": false}
{"timestamp": "2026-07-01T21:18:12.678Z", "correlation_id": "sc03-0000-0000-0000-000000000000", "tenant_id": "6c8b4b2b-4d45-4209-a1b4-4b532d56a31c", "event": "safety_passed", "decision": "allow", "checks": "pattern_type_valid,verify_policy_present,action_allow_list,pattern_routing,tenant_match,blast_radius"}
{"timestamp": "2026-07-01T21:18:12.678Z", "correlation_id": "sc03-0000-0000-0000-000000000000", "tenant_id": "6c8b4b2b-4d45-4209-a1b4-4b532d56a31c", "event": "rollback_snapshot_captured", "namespace": "tenant-a", "snapshot_type": "urgent"}
{"timestamp": "2026-07-01T21:18:12.678Z", "correlation_id": "sc03-0000-0000-0000-000000000000", "tenant_id": "6c8b4b2b-4d45-4209-a1b4-4b532d56a31c", "event": "execute_done", "namespace": "tenant-a", "action_type": "RESTART_DEPLOYMENT", "result": "success", "target": "deployment/cdo-sample-api"}
{"timestamp": "2026-07-01T21:18:12.678Z", "correlation_id": "sc03-0000-0000-0000-000000000000", "tenant_id": "6c8b4b2b-4d45-4209-a1b4-4b532d56a31c", "event": "verify_called"}
{"timestamp": "2026-07-01T21:18:12.680Z", "correlation_id": "sc03-0000-0000-0000-000000000000", "tenant_id": "6c8b4b2b-4d45-4209-a1b4-4b532d56a31c", "event": "verify_done", "result": "ok", "next_action": "DONE", "success": true, "regression": false}
{"timestamp": "2026-07-01T21:18:12.680Z", "correlation_id": "sc03-0000-0000-0000-000000000000", "tenant_id": "6c8b4b2b-4d45-4209-a1b4-4b532d56a31c", "event": "incident_closed", "result": "auto_resolved"}
{"timestamp": "2026-07-01T21:18:12.680Z", "correlation_id": "sc04-0000-0000-0000-000000000000", "tenant_id": "6c8b4b2b-4d45-4209-a1b4-4b532d56a31c", "event": "alert_received", "namespace": "tenant-a"}
{"timestamp": "2026-07-01T21:18:12.680Z", "correlation_id": "sc04-0000-0000-0000-000000000000", "tenant_id": "6c8b4b2b-4d45-4209-a1b4-4b532d56a31c", "event": "detect_called"}
{"timestamp": "2026-07-01T21:18:12.694Z", "correlation_id": "sc04-0000-0000-0000-000000000000", "tenant_id": "6c8b4b2b-4d45-4209-a1b4-4b532d56a31c", "event": "detect_response_received", "result": "ok", "anomaly": true, "confidence": 0.92, "severity": 0.85}
{"timestamp": "2026-07-01T21:18:12.694Z", "correlation_id": "sc04-0000-0000-0000-000000000000", "tenant_id": "6c8b4b2b-4d45-4209-a1b4-4b532d56a31c", "event": "pre_decide_decision", "decision": "proceed_to_decide"}
{"timestamp": "2026-07-01T21:18:12.694Z", "correlation_id": "sc04-0000-0000-0000-000000000000", "tenant_id": "6c8b4b2b-4d45-4209-a1b4-4b532d56a31c", "event": "idempotency_lock_acquired", "idempotency_key": "e5be4954-5577-4e14-b5c6-fd0cb6a39e76"}
{"timestamp": "2026-07-01T21:18:12.694Z", "correlation_id": "sc04-0000-0000-0000-000000000000", "tenant_id": "6c8b4b2b-4d45-4209-a1b4-4b532d56a31c", "event": "decide_called", "idempotency_key": "e5be4954-5577-4e14-b5c6-fd0cb6a39e76"}
{"timestamp": "2026-07-01T21:18:12.710Z", "correlation_id": "sc04-0000-0000-0000-000000000000", "tenant_id": "6c8b4b2b-4d45-4209-a1b4-4b532d56a31c", "event": "action_plan_received", "action_type": "ROLLOUT_UNDO", "pattern_type": "urgent", "runbook": "BadDeployRollbackRunbook", "cost_cap_exceeded": false}
{"timestamp": "2026-07-01T21:18:12.711Z", "correlation_id": "sc04-0000-0000-0000-000000000000", "tenant_id": "6c8b4b2b-4d45-4209-a1b4-4b532d56a31c", "event": "safety_passed", "decision": "allow", "checks": "pattern_type_valid,verify_policy_present,action_allow_list,pattern_routing,tenant_match,blast_radius"}
{"timestamp": "2026-07-01T21:18:12.711Z", "correlation_id": "sc04-0000-0000-0000-000000000000", "tenant_id": "6c8b4b2b-4d45-4209-a1b4-4b532d56a31c", "event": "rollback_snapshot_captured", "namespace": "tenant-a", "snapshot_type": "urgent"}
{"timestamp": "2026-07-01T21:18:12.711Z", "correlation_id": "sc04-0000-0000-0000-000000000000", "tenant_id": "6c8b4b2b-4d45-4209-a1b4-4b532d56a31c", "event": "execute_done", "namespace": "tenant-a", "action_type": "ROLLOUT_UNDO", "result": "success", "target": "deployment/cdo-sample-api"}
{"timestamp": "2026-07-01T21:18:12.711Z", "correlation_id": "sc04-0000-0000-0000-000000000000", "tenant_id": "6c8b4b2b-4d45-4209-a1b4-4b532d56a31c", "event": "verify_called"}
{"timestamp": "2026-07-01T21:18:12.712Z", "correlation_id": "sc04-0000-0000-0000-000000000000", "tenant_id": "6c8b4b2b-4d45-4209-a1b4-4b532d56a31c", "event": "verify_done", "result": "ok", "next_action": "DONE", "success": true, "regression": false}
{"timestamp": "2026-07-01T21:18:12.712Z", "correlation_id": "sc04-0000-0000-0000-000000000000", "tenant_id": "6c8b4b2b-4d45-4209-a1b4-4b532d56a31c", "event": "incident_closed", "result": "auto_resolved"}
{"timestamp": "2026-07-01T21:18:12.712Z", "correlation_id": "sc05-0000-0000-0000-000000000000", "tenant_id": "6c8b4b2b-4d45-4209-a1b4-4b532d56a31c", "event": "alert_received", "namespace": "tenant-a"}
{"timestamp": "2026-07-01T21:18:12.712Z", "correlation_id": "sc05-0000-0000-0000-000000000000", "tenant_id": "6c8b4b2b-4d45-4209-a1b4-4b532d56a31c", "event": "detect_called"}
{"timestamp": "2026-07-01T21:18:12.713Z", "correlation_id": "sc05-0000-0000-0000-000000000000", "tenant_id": "6c8b4b2b-4d45-4209-a1b4-4b532d56a31c", "event": "detect_response_received", "result": "ok", "anomaly": true, "confidence": 0.92, "severity": 0.85}
{"timestamp": "2026-07-01T21:18:12.713Z", "correlation_id": "sc05-0000-0000-0000-000000000000", "tenant_id": "6c8b4b2b-4d45-4209-a1b4-4b532d56a31c", "event": "pre_decide_decision", "decision": "proceed_to_decide"}
{"timestamp": "2026-07-01T21:18:12.714Z", "correlation_id": "sc05-0000-0000-0000-000000000000", "tenant_id": "6c8b4b2b-4d45-4209-a1b4-4b532d56a31c", "event": "idempotency_lock_acquired", "idempotency_key": "27ec0ceb-bb21-4208-8f29-d40db28c8f90"}
{"timestamp": "2026-07-01T21:18:12.714Z", "correlation_id": "sc05-0000-0000-0000-000000000000", "tenant_id": "6c8b4b2b-4d45-4209-a1b4-4b532d56a31c", "event": "decide_called", "idempotency_key": "27ec0ceb-bb21-4208-8f29-d40db28c8f90"}
{"timestamp": "2026-07-01T21:18:12.726Z", "correlation_id": "sc05-0000-0000-0000-000000000000", "tenant_id": "6c8b4b2b-4d45-4209-a1b4-4b532d56a31c", "event": "action_plan_received", "action_type": "PATCH_MEMORY_LIMIT", "pattern_type": "urgent", "runbook": "OOMPatchMemoryRunbook", "cost_cap_exceeded": false}
{"timestamp": "2026-07-01T21:18:12.726Z", "correlation_id": "sc05-0000-0000-0000-000000000000", "tenant_id": "6c8b4b2b-4d45-4209-a1b4-4b532d56a31c", "event": "safety_passed", "decision": "allow", "checks": "pattern_type_valid,verify_policy_present,action_allow_list,pattern_routing,tenant_match,blast_radius"}
{"timestamp": "2026-07-01T21:18:12.726Z", "correlation_id": "sc05-0000-0000-0000-000000000000", "tenant_id": "6c8b4b2b-4d45-4209-a1b4-4b532d56a31c", "event": "rollback_snapshot_captured", "namespace": "tenant-a", "snapshot_type": "urgent"}
{"timestamp": "2026-07-01T21:18:12.726Z", "correlation_id": "sc05-0000-0000-0000-000000000000", "tenant_id": "6c8b4b2b-4d45-4209-a1b4-4b532d56a31c", "event": "execute_done", "namespace": "tenant-a", "action_type": "PATCH_MEMORY_LIMIT", "result": "success", "target": "deployment/cdo-sample-api"}
{"timestamp": "2026-07-01T21:18:12.726Z", "correlation_id": "sc05-0000-0000-0000-000000000000", "tenant_id": "6c8b4b2b-4d45-4209-a1b4-4b532d56a31c", "event": "verify_called"}
{"timestamp": "2026-07-01T21:18:12.742Z", "correlation_id": "sc05-0000-0000-0000-000000000000", "tenant_id": "6c8b4b2b-4d45-4209-a1b4-4b532d56a31c", "event": "verify_done", "result": "ok", "next_action": "DONE", "success": true, "regression": false}
{"timestamp": "2026-07-01T21:18:12.742Z", "correlation_id": "sc05-0000-0000-0000-000000000000", "tenant_id": "6c8b4b2b-4d45-4209-a1b4-4b532d56a31c", "event": "incident_closed", "result": "auto_resolved"}
{"timestamp": "2026-07-01T21:18:12.742Z", "correlation_id": "sc06-0000-0000-0000-000000000000", "tenant_id": "6c8b4b2b-4d45-4209-a1b4-4b532d56a31c", "event": "alert_received", "namespace": "tenant-b"}
{"timestamp": "2026-07-01T21:18:12.742Z", "correlation_id": "sc06-0000-0000-0000-000000000000", "tenant_id": "6c8b4b2b-4d45-4209-a1b4-4b532d56a31c", "event": "detect_called"}
{"timestamp": "2026-07-01T21:18:12.743Z", "correlation_id": "sc06-0000-0000-0000-000000000000", "tenant_id": "6c8b4b2b-4d45-4209-a1b4-4b532d56a31c", "event": "detect_response_received", "result": "ok", "anomaly": true, "confidence": 0.92, "severity": 0.85}
{"timestamp": "2026-07-01T21:18:12.743Z", "correlation_id": "sc06-0000-0000-0000-000000000000", "tenant_id": "6c8b4b2b-4d45-4209-a1b4-4b532d56a31c", "event": "pre_decide_decision", "decision": "proceed_to_decide"}
{"timestamp": "2026-07-01T21:18:12.743Z", "correlation_id": "sc06-0000-0000-0000-000000000000", "tenant_id": "6c8b4b2b-4d45-4209-a1b4-4b532d56a31c", "event": "idempotency_lock_acquired", "idempotency_key": "8d975832-dcb3-4615-90bb-4b30777e3b6f"}
{"timestamp": "2026-07-01T21:18:12.743Z", "correlation_id": "sc06-0000-0000-0000-000000000000", "tenant_id": "6c8b4b2b-4d45-4209-a1b4-4b532d56a31c", "event": "decide_called", "idempotency_key": "8d975832-dcb3-4615-90bb-4b30777e3b6f"}
{"timestamp": "2026-07-01T21:18:12.745Z", "correlation_id": "sc06-0000-0000-0000-000000000000", "tenant_id": "6c8b4b2b-4d45-4209-a1b4-4b532d56a31c", "event": "action_plan_received", "action_type": "PATCH_MEMORY_LIMIT", "pattern_type": "urgent", "runbook": "OOMPatchMemoryRunbook", "cost_cap_exceeded": false}
{"timestamp": "2026-07-01T21:18:12.745Z", "correlation_id": "sc06-0000-0000-0000-000000000000", "tenant_id": "6c8b4b2b-4d45-4209-a1b4-4b532d56a31c", "event": "safety_passed", "decision": "allow", "checks": "pattern_type_valid,verify_policy_present,action_allow_list,pattern_routing,tenant_match,blast_radius"}
{"timestamp": "2026-07-01T21:18:12.745Z", "correlation_id": "sc06-0000-0000-0000-000000000000", "tenant_id": "6c8b4b2b-4d45-4209-a1b4-4b532d56a31c", "event": "rollback_snapshot_captured", "namespace": "tenant-b", "snapshot_type": "urgent"}
{"timestamp": "2026-07-01T21:18:12.745Z", "correlation_id": "sc06-0000-0000-0000-000000000000", "tenant_id": "6c8b4b2b-4d45-4209-a1b4-4b532d56a31c", "event": "execute_done", "namespace": "tenant-b", "action_type": "PATCH_MEMORY_LIMIT", "result": "success", "target": "deployment/cdo-orders-api"}
{"timestamp": "2026-07-01T21:18:12.745Z", "correlation_id": "sc06-0000-0000-0000-000000000000", "tenant_id": "6c8b4b2b-4d45-4209-a1b4-4b532d56a31c", "event": "verify_called"}
{"timestamp": "2026-07-01T21:18:12.757Z", "correlation_id": "sc06-0000-0000-0000-000000000000", "tenant_id": "6c8b4b2b-4d45-4209-a1b4-4b532d56a31c", "event": "verify_done", "result": "ok", "next_action": "DONE", "success": true, "regression": false}
{"timestamp": "2026-07-01T21:18:12.757Z", "correlation_id": "sc06-0000-0000-0000-000000000000", "tenant_id": "6c8b4b2b-4d45-4209-a1b4-4b532d56a31c", "event": "incident_closed", "result": "auto_resolved"}
{"timestamp": "2026-07-01T21:18:12.757Z", "correlation_id": "sc07-0000-0000-0000-000000000000", "tenant_id": "6c8b4b2b-4d45-4209-a1b4-4b532d56a31c", "event": "alert_received", "namespace": "tenant-b"}
{"timestamp": "2026-07-01T21:18:12.757Z", "correlation_id": "sc07-0000-0000-0000-000000000000", "tenant_id": "6c8b4b2b-4d45-4209-a1b4-4b532d56a31c", "event": "detect_called"}
{"timestamp": "2026-07-01T21:18:12.758Z", "correlation_id": "sc07-0000-0000-0000-000000000000", "tenant_id": "6c8b4b2b-4d45-4209-a1b4-4b532d56a31c", "event": "detect_response_received", "result": "ok", "anomaly": true, "confidence": 0.92, "severity": 0.85}
{"timestamp": "2026-07-01T21:18:12.758Z", "correlation_id": "sc07-0000-0000-0000-000000000000", "tenant_id": "6c8b4b2b-4d45-4209-a1b4-4b532d56a31c", "event": "pre_decide_decision", "decision": "proceed_to_decide"}
{"timestamp": "2026-07-01T21:18:12.758Z", "correlation_id": "sc07-0000-0000-0000-000000000000", "tenant_id": "6c8b4b2b-4d45-4209-a1b4-4b532d56a31c", "event": "idempotency_lock_acquired", "idempotency_key": "78d5b8a8-49e3-49df-a7dc-3f77aeaa6c1d"}
{"timestamp": "2026-07-01T21:18:12.758Z", "correlation_id": "sc07-0000-0000-0000-000000000000", "tenant_id": "6c8b4b2b-4d45-4209-a1b4-4b532d56a31c", "event": "decide_called", "idempotency_key": "78d5b8a8-49e3-49df-a7dc-3f77aeaa6c1d"}
{"timestamp": "2026-07-01T21:18:12.759Z", "correlation_id": "sc07-0000-0000-0000-000000000000", "tenant_id": "6c8b4b2b-4d45-4209-a1b4-4b532d56a31c", "event": "action_plan_received", "action_type": "RESTART_DEPLOYMENT", "pattern_type": "urgent", "runbook": "ServiceStuckRestartRunbook", "cost_cap_exceeded": false}
{"timestamp": "2026-07-01T21:18:12.759Z", "correlation_id": "sc07-0000-0000-0000-000000000000", "tenant_id": "6c8b4b2b-4d45-4209-a1b4-4b532d56a31c", "event": "safety_passed", "decision": "allow", "checks": "pattern_type_valid,verify_policy_present,action_allow_list,pattern_routing,tenant_match,blast_radius"}
{"timestamp": "2026-07-01T21:18:12.759Z", "correlation_id": "sc07-0000-0000-0000-000000000000", "tenant_id": "6c8b4b2b-4d45-4209-a1b4-4b532d56a31c", "event": "rollback_snapshot_captured", "namespace": "tenant-b", "snapshot_type": "urgent"}
{"timestamp": "2026-07-01T21:18:12.760Z", "correlation_id": "sc07-0000-0000-0000-000000000000", "tenant_id": "6c8b4b2b-4d45-4209-a1b4-4b532d56a31c", "event": "execute_done", "namespace": "tenant-b", "action_type": "RESTART_DEPLOYMENT", "result": "success", "target": "deployment/cdo-orders-api"}
{"timestamp": "2026-07-01T21:18:12.760Z", "correlation_id": "sc07-0000-0000-0000-000000000000", "tenant_id": "6c8b4b2b-4d45-4209-a1b4-4b532d56a31c", "event": "verify_called"}
{"timestamp": "2026-07-01T21:18:12.773Z", "correlation_id": "sc07-0000-0000-0000-000000000000", "tenant_id": "6c8b4b2b-4d45-4209-a1b4-4b532d56a31c", "event": "verify_done", "result": "ok", "next_action": "DONE", "success": true, "regression": false}
{"timestamp": "2026-07-01T21:18:12.773Z", "correlation_id": "sc07-0000-0000-0000-000000000000", "tenant_id": "6c8b4b2b-4d45-4209-a1b4-4b532d56a31c", "event": "incident_closed", "result": "auto_resolved"}
{"timestamp": "2026-07-01T21:18:12.773Z", "correlation_id": "sc08-0000-0000-0000-000000000000", "tenant_id": "6c8b4b2b-4d45-4209-a1b4-4b532d56a31c", "event": "alert_received", "namespace": "tenant-b"}
{"timestamp": "2026-07-01T21:18:12.773Z", "correlation_id": "sc08-0000-0000-0000-000000000000", "tenant_id": "6c8b4b2b-4d45-4209-a1b4-4b532d56a31c", "event": "detect_called"}
{"timestamp": "2026-07-01T21:18:12.788Z", "correlation_id": "sc08-0000-0000-0000-000000000000", "tenant_id": "6c8b4b2b-4d45-4209-a1b4-4b532d56a31c", "event": "detect_response_received", "result": "ok", "anomaly": true, "confidence": 0.92, "severity": 0.85}
{"timestamp": "2026-07-01T21:18:12.788Z", "correlation_id": "sc08-0000-0000-0000-000000000000", "tenant_id": "6c8b4b2b-4d45-4209-a1b4-4b532d56a31c", "event": "pre_decide_decision", "decision": "proceed_to_decide"}
{"timestamp": "2026-07-01T21:18:12.788Z", "correlation_id": "sc08-0000-0000-0000-000000000000", "tenant_id": "6c8b4b2b-4d45-4209-a1b4-4b532d56a31c", "event": "idempotency_lock_acquired", "idempotency_key": "dd187302-2c8a-4464-b33c-b2662582a9bf"}
{"timestamp": "2026-07-01T21:18:12.788Z", "correlation_id": "sc08-0000-0000-0000-000000000000", "tenant_id": "6c8b4b2b-4d45-4209-a1b4-4b532d56a31c", "event": "decide_called", "idempotency_key": "dd187302-2c8a-4464-b33c-b2662582a9bf"}
{"timestamp": "2026-07-01T21:18:12.790Z", "correlation_id": "sc08-0000-0000-0000-000000000000", "tenant_id": "6c8b4b2b-4d45-4209-a1b4-4b532d56a31c", "event": "action_plan_received", "action_type": "RESTART_DEPLOYMENT", "pattern_type": "urgent", "runbook": "ServiceStuckRestartRunbook", "cost_cap_exceeded": false}
{"timestamp": "2026-07-01T21:18:12.790Z", "correlation_id": "sc08-0000-0000-0000-000000000000", "tenant_id": "6c8b4b2b-4d45-4209-a1b4-4b532d56a31c", "event": "safety_passed", "decision": "allow", "checks": "pattern_type_valid,verify_policy_present,action_allow_list,pattern_routing,tenant_match,blast_radius"}
{"timestamp": "2026-07-01T21:18:12.790Z", "correlation_id": "sc08-0000-0000-0000-000000000000", "tenant_id": "6c8b4b2b-4d45-4209-a1b4-4b532d56a31c", "event": "rollback_snapshot_captured", "namespace": "tenant-b", "snapshot_type": "urgent"}
{"timestamp": "2026-07-01T21:18:12.790Z", "correlation_id": "sc08-0000-0000-0000-000000000000", "tenant_id": "6c8b4b2b-4d45-4209-a1b4-4b532d56a31c", "event": "execute_done", "namespace": "tenant-b", "action_type": "RESTART_DEPLOYMENT", "result": "success", "target": "deployment/cdo-orders-api"}
{"timestamp": "2026-07-01T21:18:12.790Z", "correlation_id": "sc08-0000-0000-0000-000000000000", "tenant_id": "6c8b4b2b-4d45-4209-a1b4-4b532d56a31c", "event": "verify_called"}
{"timestamp": "2026-07-01T21:18:12.804Z", "correlation_id": "sc08-0000-0000-0000-000000000000", "tenant_id": "6c8b4b2b-4d45-4209-a1b4-4b532d56a31c", "event": "verify_done", "result": "ok", "next_action": "DONE", "success": true, "regression": false}
{"timestamp": "2026-07-01T21:18:12.804Z", "correlation_id": "sc08-0000-0000-0000-000000000000", "tenant_id": "6c8b4b2b-4d45-4209-a1b4-4b532d56a31c", "event": "incident_closed", "result": "auto_resolved"}
{"timestamp": "2026-07-01T21:18:12.804Z", "correlation_id": "sc09-0000-0000-0000-000000000000", "tenant_id": "6c8b4b2b-4d45-4209-a1b4-4b532d56a31c", "event": "alert_received", "namespace": "tenant-a"}
{"timestamp": "2026-07-01T21:18:12.804Z", "correlation_id": "sc09-0000-0000-0000-000000000000", "tenant_id": "6c8b4b2b-4d45-4209-a1b4-4b532d56a31c", "event": "detect_called"}
{"timestamp": "2026-07-01T21:18:12.806Z", "correlation_id": "sc09-0000-0000-0000-000000000000", "tenant_id": "6c8b4b2b-4d45-4209-a1b4-4b532d56a31c", "event": "detect_response_received", "result": "ok", "anomaly": true, "confidence": 0.92, "severity": 0.85}
{"timestamp": "2026-07-01T21:18:12.806Z", "correlation_id": "sc09-0000-0000-0000-000000000000", "tenant_id": "6c8b4b2b-4d45-4209-a1b4-4b532d56a31c", "event": "pre_decide_decision", "decision": "proceed_to_decide"}
{"timestamp": "2026-07-01T21:18:12.806Z", "correlation_id": "sc09-0000-0000-0000-000000000000", "tenant_id": "6c8b4b2b-4d45-4209-a1b4-4b532d56a31c", "event": "idempotency_lock_acquired", "idempotency_key": "e82d97b6-51a9-48af-b534-b0fd617eada2"}
{"timestamp": "2026-07-01T21:18:12.806Z", "correlation_id": "sc09-0000-0000-0000-000000000000", "tenant_id": "6c8b4b2b-4d45-4209-a1b4-4b532d56a31c", "event": "decide_called", "idempotency_key": "e82d97b6-51a9-48af-b534-b0fd617eada2"}
{"timestamp": "2026-07-01T21:18:12.820Z", "correlation_id": "sc09-0000-0000-0000-000000000000", "tenant_id": "6c8b4b2b-4d45-4209-a1b4-4b532d56a31c", "event": "action_plan_received", "action_type": "PATCH_MEMORY_LIMIT", "pattern_type": "urgent", "runbook": "OOMPatchMemoryRunbook", "cost_cap_exceeded": false}
{"timestamp": "2026-07-01T21:18:12.820Z", "correlation_id": "sc09-0000-0000-0000-000000000000", "tenant_id": "6c8b4b2b-4d45-4209-a1b4-4b532d56a31c", "event": "safety_passed", "decision": "allow", "checks": "pattern_type_valid,verify_policy_present,action_allow_list,pattern_routing,tenant_match,blast_radius"}
{"timestamp": "2026-07-01T21:18:12.820Z", "correlation_id": "sc09-0000-0000-0000-000000000000", "tenant_id": "6c8b4b2b-4d45-4209-a1b4-4b532d56a31c", "event": "rollback_snapshot_captured", "namespace": "tenant-a", "snapshot_type": "urgent"}
{"timestamp": "2026-07-01T21:18:12.820Z", "correlation_id": "sc09-0000-0000-0000-000000000000", "tenant_id": "6c8b4b2b-4d45-4209-a1b4-4b532d56a31c", "event": "execute_done", "namespace": "tenant-a", "action_type": "PATCH_MEMORY_LIMIT", "result": "success", "target": "deployment/cdo-sample-api"}
{"timestamp": "2026-07-01T21:18:12.820Z", "correlation_id": "sc09-0000-0000-0000-000000000000", "tenant_id": "6c8b4b2b-4d45-4209-a1b4-4b532d56a31c", "event": "verify_called"}
{"timestamp": "2026-07-01T21:18:12.836Z", "correlation_id": "sc09-0000-0000-0000-000000000000", "tenant_id": "6c8b4b2b-4d45-4209-a1b4-4b532d56a31c", "event": "verify_done", "result": "ok", "next_action": "ROLLBACK", "success": false, "regression": true}
{"timestamp": "2026-07-01T21:18:12.836Z", "correlation_id": "sc09-0000-0000-0000-000000000000", "tenant_id": "6c8b4b2b-4d45-4209-a1b4-4b532d56a31c", "event": "rollback_done", "action_type": "PATCH_MEMORY_LIMIT", "result": "completed"}
{"timestamp": "2026-07-01T21:18:12.836Z", "correlation_id": "sc10-0000-0000-0000-000000000000", "tenant_id": "6c8b4b2b-4d45-4209-a1b4-4b532d56a31c", "event": "alert_received", "namespace": "tenant-a"}
{"timestamp": "2026-07-01T21:18:12.836Z", "correlation_id": "sc10-0000-0000-0000-000000000000", "tenant_id": "6c8b4b2b-4d45-4209-a1b4-4b532d56a31c", "event": "detect_called"}
{"timestamp": "2026-07-01T21:18:12.838Z", "correlation_id": "sc10-0000-0000-0000-000000000000", "tenant_id": "6c8b4b2b-4d45-4209-a1b4-4b532d56a31c", "event": "detect_response_received", "result": "ok", "anomaly": true, "confidence": 0.92, "severity": 0.85}
{"timestamp": "2026-07-01T21:18:12.838Z", "correlation_id": "sc10-0000-0000-0000-000000000000", "tenant_id": "6c8b4b2b-4d45-4209-a1b4-4b532d56a31c", "event": "pre_decide_decision", "decision": "proceed_to_decide"}
{"timestamp": "2026-07-01T21:18:12.838Z", "correlation_id": "sc10-0000-0000-0000-000000000000", "tenant_id": "6c8b4b2b-4d45-4209-a1b4-4b532d56a31c", "event": "idempotency_lock_acquired", "idempotency_key": "703b0608-95e0-4622-a1af-0f3eb9846f3a"}
{"timestamp": "2026-07-01T21:18:12.838Z", "correlation_id": "sc10-0000-0000-0000-000000000000", "tenant_id": "6c8b4b2b-4d45-4209-a1b4-4b532d56a31c", "event": "decide_called", "idempotency_key": "703b0608-95e0-4622-a1af-0f3eb9846f3a"}
{"timestamp": "2026-07-01T21:18:12.839Z", "correlation_id": "sc10-0000-0000-0000-000000000000", "tenant_id": "6c8b4b2b-4d45-4209-a1b4-4b532d56a31c", "event": "action_plan_received", "action_type": "SCALE_REPLICAS", "pattern_type": "deferred", "runbook": "CapacityScaleRunbook", "cost_cap_exceeded": false}
{"timestamp": "2026-07-01T21:18:12.839Z", "correlation_id": "sc10-0000-0000-0000-000000000000", "tenant_id": "6c8b4b2b-4d45-4209-a1b4-4b532d56a31c", "event": "safety_passed", "decision": "allow", "checks": "pattern_type_valid,verify_policy_present,action_allow_list,pattern_routing,tenant_match,blast_radius"}
{"timestamp": "2026-07-01T21:18:12.839Z", "correlation_id": "sc10-0000-0000-0000-000000000000", "tenant_id": "6c8b4b2b-4d45-4209-a1b4-4b532d56a31c", "event": "rollback_snapshot_captured", "namespace": "tenant-a", "snapshot_type": "deferred"}
{"timestamp": "2026-07-01T21:18:12.839Z", "correlation_id": "sc10-0000-0000-0000-000000000000", "tenant_id": "6c8b4b2b-4d45-4209-a1b4-4b532d56a31c", "event": "execute_done", "namespace": "tenant-a", "action_type": "SCALE_REPLICAS", "result": "success", "target": "deployment/cdo-sample-api"}
{"timestamp": "2026-07-01T21:18:12.839Z", "correlation_id": "sc10-0000-0000-0000-000000000000", "tenant_id": "6c8b4b2b-4d45-4209-a1b4-4b532d56a31c", "event": "verify_called"}
{"timestamp": "2026-07-01T21:18:12.852Z", "correlation_id": "sc10-0000-0000-0000-000000000000", "tenant_id": "6c8b4b2b-4d45-4209-a1b4-4b532d56a31c", "event": "verify_done", "result": "ok", "next_action": "DONE", "success": true, "regression": false}
{"timestamp": "2026-07-01T21:18:12.852Z", "correlation_id": "sc10-0000-0000-0000-000000000000", "tenant_id": "6c8b4b2b-4d45-4209-a1b4-4b532d56a31c", "event": "incident_closed", "result": "auto_resolved"}
{"timestamp": "2026-07-01T21:18:12.852Z", "correlation_id": "sc11-0000-0000-0000-000000000000", "tenant_id": "6c8b4b2b-4d45-4209-a1b4-4b532d56a31c", "event": "alert_received", "namespace": "tenant-a"}
{"timestamp": "2026-07-01T21:18:12.852Z", "correlation_id": "sc11-0000-0000-0000-000000000000", "tenant_id": "6c8b4b2b-4d45-4209-a1b4-4b532d56a31c", "event": "detect_called"}
{"timestamp": "2026-07-01T21:18:12.868Z", "correlation_id": "sc11-0000-0000-0000-000000000000", "tenant_id": "6c8b4b2b-4d45-4209-a1b4-4b532d56a31c", "event": "detect_response_received", "result": "ok", "anomaly": true, "confidence": 0.92, "severity": 0.85}
{"timestamp": "2026-07-01T21:18:12.868Z", "correlation_id": "sc11-0000-0000-0000-000000000000", "tenant_id": "6c8b4b2b-4d45-4209-a1b4-4b532d56a31c", "event": "pre_decide_decision", "decision": "proceed_to_decide"}
{"timestamp": "2026-07-01T21:18:12.868Z", "correlation_id": "sc11-0000-0000-0000-000000000000", "tenant_id": "6c8b4b2b-4d45-4209-a1b4-4b532d56a31c", "event": "idempotency_lock_acquired", "idempotency_key": "81572717-389a-46af-ac5c-e57d299bf343"}
{"timestamp": "2026-07-01T21:18:12.868Z", "correlation_id": "sc11-0000-0000-0000-000000000000", "tenant_id": "6c8b4b2b-4d45-4209-a1b4-4b532d56a31c", "event": "decide_called", "idempotency_key": "81572717-389a-46af-ac5c-e57d299bf343"}
{"timestamp": "2026-07-01T21:18:12.883Z", "correlation_id": "sc11-0000-0000-0000-000000000000", "tenant_id": "6c8b4b2b-4d45-4209-a1b4-4b532d56a31c", "event": "action_plan_received", "action_type": "RESTART_DEPLOYMENT", "pattern_type": "urgent", "runbook": "ServiceStuckRestartRunbook", "cost_cap_exceeded": false}
{"timestamp": "2026-07-01T21:18:12.883Z", "correlation_id": "sc11-0000-0000-0000-000000000000", "tenant_id": "6c8b4b2b-4d45-4209-a1b4-4b532d56a31c", "event": "safety_denied", "action_type": "RESTART_DEPLOYMENT", "decision": "deny", "reason": "denied_cross_tenant", "detail": "target ns=tenant-b ≠ incident ns=tenant-a"}
{"timestamp": "2026-07-01T21:18:12.883Z", "correlation_id": "sc11-0000-0000-0000-000000000000", "tenant_id": "6c8b4b2b-4d45-4209-a1b4-4b532d56a31c", "event": "escalated", "namespace": "tenant-a", "decision": "escalate", "reason": "denied_cross_tenant", "escalation_bundle": {"reason": "Safety Gate từ chối: target nằm ngoài tenant của sự cố (cross-tenant).", "logs": ["detect: anomaly=True conf=0.92 sev=0.85 :: mock detect scenario=cross_tenant", "action_attempted: RESTART_DEPLOYMENT target=deployment/cdo-sample-api runbook=ServiceStuckRestartRunbook pattern=urgent"], "metrics": {"correlation_id": "sc11-0000-0000-0000-000000000000", "namespace": "tenant-a", "escalation_reason_code": "denied_cross_tenant", "confidence": 0.92, "severity": 0.85, "suspected_fault_type": "cross_tenant", "pod_waiting_reason": "CrashLoopBackOff"}}}
{"timestamp": "2026-07-01T21:18:12.883Z", "correlation_id": "sc11-0000-0000-0000-000000000000", "tenant_id": "6c8b4b2b-4d45-4209-a1b4-4b532d56a31c", "event": "escalation_delivered", "reason": "denied_cross_tenant", "channel": "mock_pager"}
{"timestamp": "2026-07-01T21:18:12.883Z", "correlation_id": "sc12-0000-0000-0000-000000000000", "tenant_id": "6c8b4b2b-4d45-4209-a1b4-4b532d56a31c", "event": "alert_received", "namespace": "tenant-a"}
{"timestamp": "2026-07-01T21:18:12.883Z", "correlation_id": "sc12-0000-0000-0000-000000000000", "tenant_id": "6c8b4b2b-4d45-4209-a1b4-4b532d56a31c", "event": "detect_called"}
{"timestamp": "2026-07-01T21:18:12.885Z", "correlation_id": "sc12-0000-0000-0000-000000000000", "tenant_id": "6c8b4b2b-4d45-4209-a1b4-4b532d56a31c", "event": "detect_response_received", "result": "ok", "anomaly": true, "confidence": 0.92, "severity": 0.85}
{"timestamp": "2026-07-01T21:18:12.885Z", "correlation_id": "sc12-0000-0000-0000-000000000000", "tenant_id": "6c8b4b2b-4d45-4209-a1b4-4b532d56a31c", "event": "pre_decide_decision", "decision": "proceed_to_decide"}
{"timestamp": "2026-07-01T21:18:12.885Z", "correlation_id": "sc12-0000-0000-0000-000000000000", "tenant_id": "6c8b4b2b-4d45-4209-a1b4-4b532d56a31c", "event": "idempotency_lock_acquired", "idempotency_key": "dabf9294-26b1-4f6d-8722-dc78c8718b7d"}
{"timestamp": "2026-07-01T21:18:12.885Z", "correlation_id": "sc12-0000-0000-0000-000000000000", "tenant_id": "6c8b4b2b-4d45-4209-a1b4-4b532d56a31c", "event": "decide_called", "idempotency_key": "dabf9294-26b1-4f6d-8722-dc78c8718b7d"}
{"timestamp": "2026-07-01T21:18:12.886Z", "correlation_id": "sc12-0000-0000-0000-000000000000", "tenant_id": "6c8b4b2b-4d45-4209-a1b4-4b532d56a31c", "event": "action_plan_received", "action_type": "DELETE_NAMESPACE", "pattern_type": "urgent", "runbook": "n/a", "cost_cap_exceeded": false}
{"timestamp": "2026-07-01T21:18:12.886Z", "correlation_id": "sc12-0000-0000-0000-000000000000", "tenant_id": "6c8b4b2b-4d45-4209-a1b4-4b532d56a31c", "event": "safety_denied", "action_type": "DELETE_NAMESPACE", "decision": "deny", "reason": "denied_action_not_allowed", "detail": "DELETE_NAMESPACE"}
{"timestamp": "2026-07-01T21:18:12.886Z", "correlation_id": "sc12-0000-0000-0000-000000000000", "tenant_id": "6c8b4b2b-4d45-4209-a1b4-4b532d56a31c", "event": "escalated", "namespace": "tenant-a", "decision": "escalate", "reason": "denied_action_not_allowed", "escalation_bundle": {"reason": "Safety Gate từ chối: action không thuộc allow-list.", "logs": ["detect: anomaly=True conf=0.92 sev=0.85 :: mock detect scenario=unsafe_action", "action_attempted: DELETE_NAMESPACE target=deployment/cdo-sample-api runbook=n/a pattern=urgent"], "metrics": {"correlation_id": "sc12-0000-0000-0000-000000000000", "namespace": "tenant-a", "escalation_reason_code": "denied_action_not_allowed", "confidence": 0.92, "severity": 0.85, "suspected_fault_type": "unsafe_action", "pod_waiting_reason": "CrashLoopBackOff"}}}
{"timestamp": "2026-07-01T21:18:12.886Z", "correlation_id": "sc12-0000-0000-0000-000000000000", "tenant_id": "6c8b4b2b-4d45-4209-a1b4-4b532d56a31c", "event": "escalation_delivered", "reason": "denied_action_not_allowed", "channel": "mock_pager"}
{"timestamp": "2026-07-01T21:18:12.886Z", "correlation_id": "sc13-0000-0000-0000-000000000000", "tenant_id": "6c8b4b2b-4d45-4209-a1b4-4b532d56a31c", "event": "alert_received", "namespace": "tenant-a"}
{"timestamp": "2026-07-01T21:18:12.886Z", "correlation_id": "sc13-0000-0000-0000-000000000000", "tenant_id": "6c8b4b2b-4d45-4209-a1b4-4b532d56a31c", "event": "detect_called"}
{"timestamp": "2026-07-01T21:18:12.899Z", "correlation_id": "sc13-0000-0000-0000-000000000000", "tenant_id": "6c8b4b2b-4d45-4209-a1b4-4b532d56a31c", "event": "detect_response_received", "result": "ok", "anomaly": true, "confidence": 0.55, "severity": 0.3}
{"timestamp": "2026-07-01T21:18:12.899Z", "correlation_id": "sc13-0000-0000-0000-000000000000", "tenant_id": "6c8b4b2b-4d45-4209-a1b4-4b532d56a31c", "event": "pre_decide_decision", "decision": "low_confidence_no_action"}
{"timestamp": "2026-07-01T21:18:12.899Z", "correlation_id": "sc13-0000-0000-0000-000000000000", "tenant_id": "6c8b4b2b-4d45-4209-a1b4-4b532d56a31c", "event": "incident_closed", "result": "no_action", "reason": "low_confidence_no_action"}
{"timestamp": "2026-07-01T21:18:12.899Z", "correlation_id": "sc14-0000-0000-0000-000000000000", "tenant_id": "6c8b4b2b-4d45-4209-a1b4-4b532d56a31c", "event": "alert_received", "namespace": "tenant-a"}
{"timestamp": "2026-07-01T21:18:12.899Z", "correlation_id": "sc14-0000-0000-0000-000000000000", "tenant_id": "6c8b4b2b-4d45-4209-a1b4-4b532d56a31c", "event": "detect_called"}
{"timestamp": "2026-07-01T21:18:12.915Z", "correlation_id": "sc14-0000-0000-0000-000000000000", "tenant_id": "6c8b4b2b-4d45-4209-a1b4-4b532d56a31c", "event": "detect_response_received", "result": "ok", "anomaly": true, "confidence": 0.92, "severity": 0.85}
{"timestamp": "2026-07-01T21:18:12.915Z", "correlation_id": "sc14-0000-0000-0000-000000000000", "tenant_id": "6c8b4b2b-4d45-4209-a1b4-4b532d56a31c", "event": "pre_decide_decision", "decision": "proceed_to_decide"}
{"timestamp": "2026-07-01T21:18:12.915Z", "correlation_id": "sc14-0000-0000-0000-000000000000", "tenant_id": "6c8b4b2b-4d45-4209-a1b4-4b532d56a31c", "event": "idempotency_lock_acquired", "idempotency_key": "16664b21-0447-4192-8e66-20f7d9819ba3"}
{"timestamp": "2026-07-01T21:18:12.915Z", "correlation_id": "sc14-0000-0000-0000-000000000000", "tenant_id": "6c8b4b2b-4d45-4209-a1b4-4b532d56a31c", "event": "decide_called", "idempotency_key": "16664b21-0447-4192-8e66-20f7d9819ba3"}
{"timestamp": "2026-07-01T21:18:12.917Z", "correlation_id": "sc14-0000-0000-0000-000000000000", "tenant_id": "6c8b4b2b-4d45-4209-a1b4-4b532d56a31c", "event": "action_plan_received", "action_type": "RESTART_DEPLOYMENT", "pattern_type": "urgent", "runbook": "ServiceStuckRestartRunbook", "cost_cap_exceeded": false}
{"timestamp": "2026-07-01T21:18:12.917Z", "correlation_id": "sc14-0000-0000-0000-000000000000", "tenant_id": "6c8b4b2b-4d45-4209-a1b4-4b532d56a31c", "event": "safety_passed", "decision": "allow", "checks": "pattern_type_valid,verify_policy_present,action_allow_list,pattern_routing,tenant_match,blast_radius"}
{"timestamp": "2026-07-01T21:18:12.917Z", "correlation_id": "sc14-0000-0000-0000-000000000000", "tenant_id": "6c8b4b2b-4d45-4209-a1b4-4b532d56a31c", "event": "rollback_snapshot_captured", "namespace": "tenant-a", "snapshot_type": "urgent"}
{"timestamp": "2026-07-01T21:18:12.917Z", "correlation_id": "sc14-0000-0000-0000-000000000000", "tenant_id": "6c8b4b2b-4d45-4209-a1b4-4b532d56a31c", "event": "execute_done", "namespace": "tenant-a", "action_type": "RESTART_DEPLOYMENT", "result": "success", "target": "deployment/cdo-sample-api"}
{"timestamp": "2026-07-01T21:18:12.917Z", "correlation_id": "sc14-0000-0000-0000-000000000000", "tenant_id": "6c8b4b2b-4d45-4209-a1b4-4b532d56a31c", "event": "verify_called"}
{"timestamp": "2026-07-01T21:18:12.918Z", "correlation_id": "sc14-0000-0000-0000-000000000000", "tenant_id": "6c8b4b2b-4d45-4209-a1b4-4b532d56a31c", "event": "verify_done", "result": "ok", "next_action": "ESCALATE", "success": false, "regression": false}
{"timestamp": "2026-07-01T21:18:12.918Z", "correlation_id": "sc14-0000-0000-0000-000000000000", "tenant_id": "6c8b4b2b-4d45-4209-a1b4-4b532d56a31c", "event": "escalated", "namespace": "tenant-a", "decision": "escalate", "reason": "verify_escalate", "escalation_bundle": {"reason": "Sau RESTART, error_rate vẫn vượt ngưỡng — AI không tự xử được.", "logs": ["app: connection pool exhausted", "app: 503 upstream", "detect: anomaly=True conf=0.92 sev=0.85 :: mock detect scenario=verify_escalate", "action_attempted: RESTART_DEPLOYMENT target=deployment/cdo-sample-api runbook=ServiceStuckRestartRunbook pattern=urgent", "execute_result: status=COMPLETED detail={'action': 'RESTART_DEPLOYMENT', 'namespace': 'tenant-a', 'name': 'cdo-sample-api', 'dry_run': False, 'status': 'MOCK_OK'}", "rollback_snapshot: type=urgent at=2026-07-01T21:18:12Z"], "metrics": {"correlation_id": "sc14-0000-0000-0000-000000000000", "namespace": "tenant-a", "escalation_reason_code": "verify_escalate", "confidence": 0.92, "severity": 0.85, "suspected_fault_type": "verify_escalate", "service_error_rate": 0.4, "error_rate": 0.42, "p95_latency_ms": 3100}}}
{"timestamp": "2026-07-01T21:18:12.918Z", "correlation_id": "sc14-0000-0000-0000-000000000000", "tenant_id": "6c8b4b2b-4d45-4209-a1b4-4b532d56a31c", "event": "escalation_delivered", "reason": "verify_escalate", "channel": "mock_pager"}
{"timestamp": "2026-07-01T21:18:13.919Z", "correlation_id": "sc01-0000-0000-0000-000000000000", "tenant_id": "6c8b4b2b-4d45-4209-a1b4-4b532d56a31c", "event": "alert_received", "namespace": "tenant-a"}
{"timestamp": "2026-07-01T21:18:13.919Z", "correlation_id": "sc01-0000-0000-0000-000000000000", "tenant_id": "6c8b4b2b-4d45-4209-a1b4-4b532d56a31c", "event": "detect_called"}
{"timestamp": "2026-07-01T21:18:13.944Z", "correlation_id": "sc01-0000-0000-0000-000000000000", "tenant_id": "6c8b4b2b-4d45-4209-a1b4-4b532d56a31c", "event": "detect_response_received", "result": "ok", "anomaly": true, "confidence": 0.92, "severity": 0.85}
{"timestamp": "2026-07-01T21:18:13.944Z", "correlation_id": "sc01-0000-0000-0000-000000000000", "tenant_id": "6c8b4b2b-4d45-4209-a1b4-4b532d56a31c", "event": "pre_decide_decision", "decision": "proceed_to_decide"}
{"timestamp": "2026-07-01T21:18:13.944Z", "correlation_id": "sc01-0000-0000-0000-000000000000", "tenant_id": "6c8b4b2b-4d45-4209-a1b4-4b532d56a31c", "event": "idempotency_lock_acquired", "idempotency_key": "8b33c6ce-33dd-4088-9337-37f7f7515db9"}
{"timestamp": "2026-07-01T21:18:13.944Z", "correlation_id": "sc01-0000-0000-0000-000000000000", "tenant_id": "6c8b4b2b-4d45-4209-a1b4-4b532d56a31c", "event": "decide_called", "idempotency_key": "8b33c6ce-33dd-4088-9337-37f7f7515db9"}
{"timestamp": "2026-07-01T21:18:13.959Z", "correlation_id": "sc01-0000-0000-0000-000000000000", "tenant_id": "6c8b4b2b-4d45-4209-a1b4-4b532d56a31c", "event": "action_plan_received", "action_type": "PATCH_MEMORY_LIMIT", "pattern_type": "urgent", "runbook": "OOMPatchMemoryRunbook", "cost_cap_exceeded": false}
{"timestamp": "2026-07-01T21:18:13.959Z", "correlation_id": "sc01-0000-0000-0000-000000000000", "tenant_id": "6c8b4b2b-4d45-4209-a1b4-4b532d56a31c", "event": "safety_passed", "decision": "allow", "checks": "pattern_type_valid,verify_policy_present,action_allow_list,pattern_routing,tenant_match,blast_radius"}
{"timestamp": "2026-07-01T21:18:13.959Z", "correlation_id": "sc01-0000-0000-0000-000000000000", "tenant_id": "6c8b4b2b-4d45-4209-a1b4-4b532d56a31c", "event": "rollback_snapshot_captured", "namespace": "tenant-a", "snapshot_type": "urgent"}
{"timestamp": "2026-07-01T21:18:13.959Z", "correlation_id": "sc01-0000-0000-0000-000000000000", "tenant_id": "6c8b4b2b-4d45-4209-a1b4-4b532d56a31c", "event": "execute_done", "namespace": "tenant-a", "action_type": "PATCH_MEMORY_LIMIT", "result": "success", "target": "deployment/cdo-sample-api"}
{"timestamp": "2026-07-01T21:18:13.959Z", "correlation_id": "sc01-0000-0000-0000-000000000000", "tenant_id": "6c8b4b2b-4d45-4209-a1b4-4b532d56a31c", "event": "verify_called"}
{"timestamp": "2026-07-01T21:18:13.976Z", "correlation_id": "sc01-0000-0000-0000-000000000000", "tenant_id": "6c8b4b2b-4d45-4209-a1b4-4b532d56a31c", "event": "verify_done", "result": "ok", "next_action": "DONE", "success": true, "regression": false}
{"timestamp": "2026-07-01T21:18:13.976Z", "correlation_id": "sc01-0000-0000-0000-000000000000", "tenant_id": "6c8b4b2b-4d45-4209-a1b4-4b532d56a31c", "event": "incident_closed", "result": "auto_resolved"}
{"timestamp": "2026-07-01T21:18:13.976Z", "correlation_id": "sc02-0000-0000-0000-000000000000", "tenant_id": "6c8b4b2b-4d45-4209-a1b4-4b532d56a31c", "event": "alert_received", "namespace": "tenant-a"}
{"timestamp": "2026-07-01T21:18:13.976Z", "correlation_id": "sc02-0000-0000-0000-000000000000", "tenant_id": "6c8b4b2b-4d45-4209-a1b4-4b532d56a31c", "event": "detect_called"}
{"timestamp": "2026-07-01T21:18:13.978Z", "correlation_id": "sc02-0000-0000-0000-000000000000", "tenant_id": "6c8b4b2b-4d45-4209-a1b4-4b532d56a31c", "event": "detect_response_received", "result": "ok", "anomaly": true, "confidence": 0.92, "severity": 0.85}
{"timestamp": "2026-07-01T21:18:13.978Z", "correlation_id": "sc02-0000-0000-0000-000000000000", "tenant_id": "6c8b4b2b-4d45-4209-a1b4-4b532d56a31c", "event": "pre_decide_decision", "decision": "proceed_to_decide"}
{"timestamp": "2026-07-01T21:18:13.978Z", "correlation_id": "sc02-0000-0000-0000-000000000000", "tenant_id": "6c8b4b2b-4d45-4209-a1b4-4b532d56a31c", "event": "idempotency_lock_acquired", "idempotency_key": "313807f9-9849-45cc-8f08-38c076b2b6d4"}
{"timestamp": "2026-07-01T21:18:13.978Z", "correlation_id": "sc02-0000-0000-0000-000000000000", "tenant_id": "6c8b4b2b-4d45-4209-a1b4-4b532d56a31c", "event": "decide_called", "idempotency_key": "313807f9-9849-45cc-8f08-38c076b2b6d4"}
{"timestamp": "2026-07-01T21:18:13.991Z", "correlation_id": "sc02-0000-0000-0000-000000000000", "tenant_id": "6c8b4b2b-4d45-4209-a1b4-4b532d56a31c", "event": "action_plan_received", "action_type": "RESTART_DEPLOYMENT", "pattern_type": "urgent", "runbook": "ServiceStuckRestartRunbook", "cost_cap_exceeded": false}
{"timestamp": "2026-07-01T21:18:13.991Z", "correlation_id": "sc02-0000-0000-0000-000000000000", "tenant_id": "6c8b4b2b-4d45-4209-a1b4-4b532d56a31c", "event": "safety_passed", "decision": "allow", "checks": "pattern_type_valid,verify_policy_present,action_allow_list,pattern_routing,tenant_match,blast_radius"}
{"timestamp": "2026-07-01T21:18:13.992Z", "correlation_id": "sc02-0000-0000-0000-000000000000", "tenant_id": "6c8b4b2b-4d45-4209-a1b4-4b532d56a31c", "event": "rollback_snapshot_captured", "namespace": "tenant-a", "snapshot_type": "urgent"}
{"timestamp": "2026-07-01T21:18:13.992Z", "correlation_id": "sc02-0000-0000-0000-000000000000", "tenant_id": "6c8b4b2b-4d45-4209-a1b4-4b532d56a31c", "event": "execute_done", "namespace": "tenant-a", "action_type": "RESTART_DEPLOYMENT", "result": "success", "target": "deployment/cdo-sample-api"}
{"timestamp": "2026-07-01T21:18:13.992Z", "correlation_id": "sc02-0000-0000-0000-000000000000", "tenant_id": "6c8b4b2b-4d45-4209-a1b4-4b532d56a31c", "event": "verify_called"}
{"timestamp": "2026-07-01T21:18:14.006Z", "correlation_id": "sc02-0000-0000-0000-000000000000", "tenant_id": "6c8b4b2b-4d45-4209-a1b4-4b532d56a31c", "event": "verify_done", "result": "ok", "next_action": "DONE", "success": true, "regression": false}
{"timestamp": "2026-07-01T21:18:14.006Z", "correlation_id": "sc02-0000-0000-0000-000000000000", "tenant_id": "6c8b4b2b-4d45-4209-a1b4-4b532d56a31c", "event": "incident_closed", "result": "auto_resolved"}
{"timestamp": "2026-07-01T21:18:14.006Z", "correlation_id": "sc03-0000-0000-0000-000000000000", "tenant_id": "6c8b4b2b-4d45-4209-a1b4-4b532d56a31c", "event": "alert_received", "namespace": "tenant-a"}
{"timestamp": "2026-07-01T21:18:14.006Z", "correlation_id": "sc03-0000-0000-0000-000000000000", "tenant_id": "6c8b4b2b-4d45-4209-a1b4-4b532d56a31c", "event": "detect_called"}
{"timestamp": "2026-07-01T21:18:14.008Z", "correlation_id": "sc03-0000-0000-0000-000000000000", "tenant_id": "6c8b4b2b-4d45-4209-a1b4-4b532d56a31c", "event": "detect_response_received", "result": "ok", "anomaly": true, "confidence": 0.92, "severity": 0.85}
{"timestamp": "2026-07-01T21:18:14.008Z", "correlation_id": "sc03-0000-0000-0000-000000000000", "tenant_id": "6c8b4b2b-4d45-4209-a1b4-4b532d56a31c", "event": "pre_decide_decision", "decision": "proceed_to_decide"}
{"timestamp": "2026-07-01T21:18:14.008Z", "correlation_id": "sc03-0000-0000-0000-000000000000", "tenant_id": "6c8b4b2b-4d45-4209-a1b4-4b532d56a31c", "event": "idempotency_lock_acquired", "idempotency_key": "33a0672c-e40c-4d7d-b419-aff0e129cce3"}
{"timestamp": "2026-07-01T21:18:14.008Z", "correlation_id": "sc03-0000-0000-0000-000000000000", "tenant_id": "6c8b4b2b-4d45-4209-a1b4-4b532d56a31c", "event": "decide_called", "idempotency_key": "33a0672c-e40c-4d7d-b419-aff0e129cce3"}
{"timestamp": "2026-07-01T21:18:14.022Z", "correlation_id": "sc03-0000-0000-0000-000000000000", "tenant_id": "6c8b4b2b-4d45-4209-a1b4-4b532d56a31c", "event": "action_plan_received", "action_type": "RESTART_DEPLOYMENT", "pattern_type": "urgent", "runbook": "ServiceStuckRestartRunbook", "cost_cap_exceeded": false}
{"timestamp": "2026-07-01T21:18:14.022Z", "correlation_id": "sc03-0000-0000-0000-000000000000", "tenant_id": "6c8b4b2b-4d45-4209-a1b4-4b532d56a31c", "event": "safety_passed", "decision": "allow", "checks": "pattern_type_valid,verify_policy_present,action_allow_list,pattern_routing,tenant_match,blast_radius"}
{"timestamp": "2026-07-01T21:18:14.022Z", "correlation_id": "sc03-0000-0000-0000-000000000000", "tenant_id": "6c8b4b2b-4d45-4209-a1b4-4b532d56a31c", "event": "rollback_snapshot_captured", "namespace": "tenant-a", "snapshot_type": "urgent"}
{"timestamp": "2026-07-01T21:18:14.022Z", "correlation_id": "sc03-0000-0000-0000-000000000000", "tenant_id": "6c8b4b2b-4d45-4209-a1b4-4b532d56a31c", "event": "execute_done", "namespace": "tenant-a", "action_type": "RESTART_DEPLOYMENT", "result": "success", "target": "deployment/cdo-sample-api"}
{"timestamp": "2026-07-01T21:18:14.022Z", "correlation_id": "sc03-0000-0000-0000-000000000000", "tenant_id": "6c8b4b2b-4d45-4209-a1b4-4b532d56a31c", "event": "verify_called"}
{"timestamp": "2026-07-01T21:18:14.023Z", "correlation_id": "sc03-0000-0000-0000-000000000000", "tenant_id": "6c8b4b2b-4d45-4209-a1b4-4b532d56a31c", "event": "verify_done", "result": "ok", "next_action": "DONE", "success": true, "regression": false}
{"timestamp": "2026-07-01T21:18:14.023Z", "correlation_id": "sc03-0000-0000-0000-000000000000", "tenant_id": "6c8b4b2b-4d45-4209-a1b4-4b532d56a31c", "event": "incident_closed", "result": "auto_resolved"}
{"timestamp": "2026-07-01T21:18:14.023Z", "correlation_id": "sc04-0000-0000-0000-000000000000", "tenant_id": "6c8b4b2b-4d45-4209-a1b4-4b532d56a31c", "event": "alert_received", "namespace": "tenant-a"}
{"timestamp": "2026-07-01T21:18:14.023Z", "correlation_id": "sc04-0000-0000-0000-000000000000", "tenant_id": "6c8b4b2b-4d45-4209-a1b4-4b532d56a31c", "event": "detect_called"}
{"timestamp": "2026-07-01T21:18:14.025Z", "correlation_id": "sc04-0000-0000-0000-000000000000", "tenant_id": "6c8b4b2b-4d45-4209-a1b4-4b532d56a31c", "event": "detect_response_received", "result": "ok", "anomaly": true, "confidence": 0.92, "severity": 0.85}
{"timestamp": "2026-07-01T21:18:14.025Z", "correlation_id": "sc04-0000-0000-0000-000000000000", "tenant_id": "6c8b4b2b-4d45-4209-a1b4-4b532d56a31c", "event": "pre_decide_decision", "decision": "proceed_to_decide"}
{"timestamp": "2026-07-01T21:18:14.025Z", "correlation_id": "sc04-0000-0000-0000-000000000000", "tenant_id": "6c8b4b2b-4d45-4209-a1b4-4b532d56a31c", "event": "idempotency_lock_acquired", "idempotency_key": "2d8a7cfa-3118-4c03-aa1a-62fdd602a9fe"}
{"timestamp": "2026-07-01T21:18:14.025Z", "correlation_id": "sc04-0000-0000-0000-000000000000", "tenant_id": "6c8b4b2b-4d45-4209-a1b4-4b532d56a31c", "event": "decide_called", "idempotency_key": "2d8a7cfa-3118-4c03-aa1a-62fdd602a9fe"}
{"timestamp": "2026-07-01T21:18:14.026Z", "correlation_id": "sc04-0000-0000-0000-000000000000", "tenant_id": "6c8b4b2b-4d45-4209-a1b4-4b532d56a31c", "event": "action_plan_received", "action_type": "ROLLOUT_UNDO", "pattern_type": "urgent", "runbook": "BadDeployRollbackRunbook", "cost_cap_exceeded": false}
{"timestamp": "2026-07-01T21:18:14.026Z", "correlation_id": "sc04-0000-0000-0000-000000000000", "tenant_id": "6c8b4b2b-4d45-4209-a1b4-4b532d56a31c", "event": "safety_passed", "decision": "allow", "checks": "pattern_type_valid,verify_policy_present,action_allow_list,pattern_routing,tenant_match,blast_radius"}
{"timestamp": "2026-07-01T21:18:14.026Z", "correlation_id": "sc04-0000-0000-0000-000000000000", "tenant_id": "6c8b4b2b-4d45-4209-a1b4-4b532d56a31c", "event": "rollback_snapshot_captured", "namespace": "tenant-a", "snapshot_type": "urgent"}
{"timestamp": "2026-07-01T21:18:14.026Z", "correlation_id": "sc04-0000-0000-0000-000000000000", "tenant_id": "6c8b4b2b-4d45-4209-a1b4-4b532d56a31c", "event": "execute_done", "namespace": "tenant-a", "action_type": "ROLLOUT_UNDO", "result": "success", "target": "deployment/cdo-sample-api"}
{"timestamp": "2026-07-01T21:18:14.026Z", "correlation_id": "sc04-0000-0000-0000-000000000000", "tenant_id": "6c8b4b2b-4d45-4209-a1b4-4b532d56a31c", "event": "verify_called"}
{"timestamp": "2026-07-01T21:18:14.038Z", "correlation_id": "sc04-0000-0000-0000-000000000000", "tenant_id": "6c8b4b2b-4d45-4209-a1b4-4b532d56a31c", "event": "verify_done", "result": "ok", "next_action": "DONE", "success": true, "regression": false}
{"timestamp": "2026-07-01T21:18:14.038Z", "correlation_id": "sc04-0000-0000-0000-000000000000", "tenant_id": "6c8b4b2b-4d45-4209-a1b4-4b532d56a31c", "event": "incident_closed", "result": "auto_resolved"}
{"timestamp": "2026-07-01T21:18:14.038Z", "correlation_id": "sc05-0000-0000-0000-000000000000", "tenant_id": "6c8b4b2b-4d45-4209-a1b4-4b532d56a31c", "event": "alert_received", "namespace": "tenant-a"}
{"timestamp": "2026-07-01T21:18:14.038Z", "correlation_id": "sc05-0000-0000-0000-000000000000", "tenant_id": "6c8b4b2b-4d45-4209-a1b4-4b532d56a31c", "event": "detect_called"}
{"timestamp": "2026-07-01T21:18:14.053Z", "correlation_id": "sc05-0000-0000-0000-000000000000", "tenant_id": "6c8b4b2b-4d45-4209-a1b4-4b532d56a31c", "event": "detect_response_received", "result": "ok", "anomaly": true, "confidence": 0.92, "severity": 0.85}
{"timestamp": "2026-07-01T21:18:14.053Z", "correlation_id": "sc05-0000-0000-0000-000000000000", "tenant_id": "6c8b4b2b-4d45-4209-a1b4-4b532d56a31c", "event": "pre_decide_decision", "decision": "proceed_to_decide"}
{"timestamp": "2026-07-01T21:18:14.053Z", "correlation_id": "sc05-0000-0000-0000-000000000000", "tenant_id": "6c8b4b2b-4d45-4209-a1b4-4b532d56a31c", "event": "idempotency_lock_acquired", "idempotency_key": "55d2b316-f27b-493e-8876-d6e62f668c27"}
{"timestamp": "2026-07-01T21:18:14.053Z", "correlation_id": "sc05-0000-0000-0000-000000000000", "tenant_id": "6c8b4b2b-4d45-4209-a1b4-4b532d56a31c", "event": "decide_called", "idempotency_key": "55d2b316-f27b-493e-8876-d6e62f668c27"}
{"timestamp": "2026-07-01T21:18:14.069Z", "correlation_id": "sc05-0000-0000-0000-000000000000", "tenant_id": "6c8b4b2b-4d45-4209-a1b4-4b532d56a31c", "event": "action_plan_received", "action_type": "PATCH_MEMORY_LIMIT", "pattern_type": "urgent", "runbook": "OOMPatchMemoryRunbook", "cost_cap_exceeded": false}
{"timestamp": "2026-07-01T21:18:14.069Z", "correlation_id": "sc05-0000-0000-0000-000000000000", "tenant_id": "6c8b4b2b-4d45-4209-a1b4-4b532d56a31c", "event": "safety_passed", "decision": "allow", "checks": "pattern_type_valid,verify_policy_present,action_allow_list,pattern_routing,tenant_match,blast_radius"}
{"timestamp": "2026-07-01T21:18:14.069Z", "correlation_id": "sc05-0000-0000-0000-000000000000", "tenant_id": "6c8b4b2b-4d45-4209-a1b4-4b532d56a31c", "event": "rollback_snapshot_captured", "namespace": "tenant-a", "snapshot_type": "urgent"}
{"timestamp": "2026-07-01T21:18:14.069Z", "correlation_id": "sc05-0000-0000-0000-000000000000", "tenant_id": "6c8b4b2b-4d45-4209-a1b4-4b532d56a31c", "event": "execute_done", "namespace": "tenant-a", "action_type": "PATCH_MEMORY_LIMIT", "result": "success", "target": "deployment/cdo-sample-api"}
{"timestamp": "2026-07-01T21:18:14.069Z", "correlation_id": "sc05-0000-0000-0000-000000000000", "tenant_id": "6c8b4b2b-4d45-4209-a1b4-4b532d56a31c", "event": "verify_called"}
{"timestamp": "2026-07-01T21:18:14.084Z", "correlation_id": "sc05-0000-0000-0000-000000000000", "tenant_id": "6c8b4b2b-4d45-4209-a1b4-4b532d56a31c", "event": "verify_done", "result": "ok", "next_action": "DONE", "success": true, "regression": false}
{"timestamp": "2026-07-01T21:18:14.085Z", "correlation_id": "sc05-0000-0000-0000-000000000000", "tenant_id": "6c8b4b2b-4d45-4209-a1b4-4b532d56a31c", "event": "incident_closed", "result": "auto_resolved"}
{"timestamp": "2026-07-01T21:18:14.085Z", "correlation_id": "sc06-0000-0000-0000-000000000000", "tenant_id": "6c8b4b2b-4d45-4209-a1b4-4b532d56a31c", "event": "alert_received", "namespace": "tenant-b"}
{"timestamp": "2026-07-01T21:18:14.085Z", "correlation_id": "sc06-0000-0000-0000-000000000000", "tenant_id": "6c8b4b2b-4d45-4209-a1b4-4b532d56a31c", "event": "detect_called"}
{"timestamp": "2026-07-01T21:18:14.101Z", "correlation_id": "sc06-0000-0000-0000-000000000000", "tenant_id": "6c8b4b2b-4d45-4209-a1b4-4b532d56a31c", "event": "detect_response_received", "result": "ok", "anomaly": true, "confidence": 0.92, "severity": 0.85}
{"timestamp": "2026-07-01T21:18:14.101Z", "correlation_id": "sc06-0000-0000-0000-000000000000", "tenant_id": "6c8b4b2b-4d45-4209-a1b4-4b532d56a31c", "event": "pre_decide_decision", "decision": "proceed_to_decide"}
{"timestamp": "2026-07-01T21:18:14.101Z", "correlation_id": "sc06-0000-0000-0000-000000000000", "tenant_id": "6c8b4b2b-4d45-4209-a1b4-4b532d56a31c", "event": "idempotency_lock_acquired", "idempotency_key": "624a4935-15bc-4993-9380-6546856dbef3"}
{"timestamp": "2026-07-01T21:18:14.101Z", "correlation_id": "sc06-0000-0000-0000-000000000000", "tenant_id": "6c8b4b2b-4d45-4209-a1b4-4b532d56a31c", "event": "decide_called", "idempotency_key": "624a4935-15bc-4993-9380-6546856dbef3"}
{"timestamp": "2026-07-01T21:18:14.116Z", "correlation_id": "sc06-0000-0000-0000-000000000000", "tenant_id": "6c8b4b2b-4d45-4209-a1b4-4b532d56a31c", "event": "action_plan_received", "action_type": "PATCH_MEMORY_LIMIT", "pattern_type": "urgent", "runbook": "OOMPatchMemoryRunbook", "cost_cap_exceeded": false}
{"timestamp": "2026-07-01T21:18:14.117Z", "correlation_id": "sc06-0000-0000-0000-000000000000", "tenant_id": "6c8b4b2b-4d45-4209-a1b4-4b532d56a31c", "event": "safety_passed", "decision": "allow", "checks": "pattern_type_valid,verify_policy_present,action_allow_list,pattern_routing,tenant_match,blast_radius"}
{"timestamp": "2026-07-01T21:18:14.117Z", "correlation_id": "sc06-0000-0000-0000-000000000000", "tenant_id": "6c8b4b2b-4d45-4209-a1b4-4b532d56a31c", "event": "rollback_snapshot_captured", "namespace": "tenant-b", "snapshot_type": "urgent"}
{"timestamp": "2026-07-01T21:18:14.117Z", "correlation_id": "sc06-0000-0000-0000-000000000000", "tenant_id": "6c8b4b2b-4d45-4209-a1b4-4b532d56a31c", "event": "execute_done", "namespace": "tenant-b", "action_type": "PATCH_MEMORY_LIMIT", "result": "success", "target": "deployment/cdo-orders-api"}
{"timestamp": "2026-07-01T21:18:14.117Z", "correlation_id": "sc06-0000-0000-0000-000000000000", "tenant_id": "6c8b4b2b-4d45-4209-a1b4-4b532d56a31c", "event": "verify_called"}
{"timestamp": "2026-07-01T21:18:14.133Z", "correlation_id": "sc06-0000-0000-0000-000000000000", "tenant_id": "6c8b4b2b-4d45-4209-a1b4-4b532d56a31c", "event": "verify_done", "result": "ok", "next_action": "DONE", "success": true, "regression": false}
{"timestamp": "2026-07-01T21:18:14.133Z", "correlation_id": "sc06-0000-0000-0000-000000000000", "tenant_id": "6c8b4b2b-4d45-4209-a1b4-4b532d56a31c", "event": "incident_closed", "result": "auto_resolved"}
{"timestamp": "2026-07-01T21:18:14.133Z", "correlation_id": "sc07-0000-0000-0000-000000000000", "tenant_id": "6c8b4b2b-4d45-4209-a1b4-4b532d56a31c", "event": "alert_received", "namespace": "tenant-b"}
{"timestamp": "2026-07-01T21:18:14.133Z", "correlation_id": "sc07-0000-0000-0000-000000000000", "tenant_id": "6c8b4b2b-4d45-4209-a1b4-4b532d56a31c", "event": "detect_called"}
{"timestamp": "2026-07-01T21:18:14.134Z", "correlation_id": "sc07-0000-0000-0000-000000000000", "tenant_id": "6c8b4b2b-4d45-4209-a1b4-4b532d56a31c", "event": "detect_response_received", "result": "ok", "anomaly": true, "confidence": 0.92, "severity": 0.85}
{"timestamp": "2026-07-01T21:18:14.134Z", "correlation_id": "sc07-0000-0000-0000-000000000000", "tenant_id": "6c8b4b2b-4d45-4209-a1b4-4b532d56a31c", "event": "pre_decide_decision", "decision": "proceed_to_decide"}
{"timestamp": "2026-07-01T21:18:14.134Z", "correlation_id": "sc07-0000-0000-0000-000000000000", "tenant_id": "6c8b4b2b-4d45-4209-a1b4-4b532d56a31c", "event": "idempotency_lock_acquired", "idempotency_key": "bbc57351-e873-41a3-a705-6588bd74638c"}
{"timestamp": "2026-07-01T21:18:14.134Z", "correlation_id": "sc07-0000-0000-0000-000000000000", "tenant_id": "6c8b4b2b-4d45-4209-a1b4-4b532d56a31c", "event": "decide_called", "idempotency_key": "bbc57351-e873-41a3-a705-6588bd74638c"}
{"timestamp": "2026-07-01T21:18:14.136Z", "correlation_id": "sc07-0000-0000-0000-000000000000", "tenant_id": "6c8b4b2b-4d45-4209-a1b4-4b532d56a31c", "event": "action_plan_received", "action_type": "RESTART_DEPLOYMENT", "pattern_type": "urgent", "runbook": "ServiceStuckRestartRunbook", "cost_cap_exceeded": false}
{"timestamp": "2026-07-01T21:18:14.136Z", "correlation_id": "sc07-0000-0000-0000-000000000000", "tenant_id": "6c8b4b2b-4d45-4209-a1b4-4b532d56a31c", "event": "safety_passed", "decision": "allow", "checks": "pattern_type_valid,verify_policy_present,action_allow_list,pattern_routing,tenant_match,blast_radius"}
{"timestamp": "2026-07-01T21:18:14.136Z", "correlation_id": "sc07-0000-0000-0000-000000000000", "tenant_id": "6c8b4b2b-4d45-4209-a1b4-4b532d56a31c", "event": "rollback_snapshot_captured", "namespace": "tenant-b", "snapshot_type": "urgent"}
{"timestamp": "2026-07-01T21:18:14.136Z", "correlation_id": "sc07-0000-0000-0000-000000000000", "tenant_id": "6c8b4b2b-4d45-4209-a1b4-4b532d56a31c", "event": "execute_done", "namespace": "tenant-b", "action_type": "RESTART_DEPLOYMENT", "result": "success", "target": "deployment/cdo-orders-api"}
{"timestamp": "2026-07-01T21:18:14.136Z", "correlation_id": "sc07-0000-0000-0000-000000000000", "tenant_id": "6c8b4b2b-4d45-4209-a1b4-4b532d56a31c", "event": "verify_called"}
{"timestamp": "2026-07-01T21:18:14.148Z", "correlation_id": "sc07-0000-0000-0000-000000000000", "tenant_id": "6c8b4b2b-4d45-4209-a1b4-4b532d56a31c", "event": "verify_done", "result": "ok", "next_action": "DONE", "success": true, "regression": false}
{"timestamp": "2026-07-01T21:18:14.148Z", "correlation_id": "sc07-0000-0000-0000-000000000000", "tenant_id": "6c8b4b2b-4d45-4209-a1b4-4b532d56a31c", "event": "incident_closed", "result": "auto_resolved"}
{"timestamp": "2026-07-01T21:18:14.148Z", "correlation_id": "sc08-0000-0000-0000-000000000000", "tenant_id": "6c8b4b2b-4d45-4209-a1b4-4b532d56a31c", "event": "alert_received", "namespace": "tenant-b"}
{"timestamp": "2026-07-01T21:18:14.148Z", "correlation_id": "sc08-0000-0000-0000-000000000000", "tenant_id": "6c8b4b2b-4d45-4209-a1b4-4b532d56a31c", "event": "detect_called"}
{"timestamp": "2026-07-01T21:18:14.150Z", "correlation_id": "sc08-0000-0000-0000-000000000000", "tenant_id": "6c8b4b2b-4d45-4209-a1b4-4b532d56a31c", "event": "detect_response_received", "result": "ok", "anomaly": true, "confidence": 0.92, "severity": 0.85}
{"timestamp": "2026-07-01T21:18:14.150Z", "correlation_id": "sc08-0000-0000-0000-000000000000", "tenant_id": "6c8b4b2b-4d45-4209-a1b4-4b532d56a31c", "event": "pre_decide_decision", "decision": "proceed_to_decide"}
{"timestamp": "2026-07-01T21:18:14.150Z", "correlation_id": "sc08-0000-0000-0000-000000000000", "tenant_id": "6c8b4b2b-4d45-4209-a1b4-4b532d56a31c", "event": "idempotency_lock_acquired", "idempotency_key": "4cbea3cf-38d3-4073-be7e-d00616c1b21c"}
{"timestamp": "2026-07-01T21:18:14.150Z", "correlation_id": "sc08-0000-0000-0000-000000000000", "tenant_id": "6c8b4b2b-4d45-4209-a1b4-4b532d56a31c", "event": "decide_called", "idempotency_key": "4cbea3cf-38d3-4073-be7e-d00616c1b21c"}
{"timestamp": "2026-07-01T21:18:14.151Z", "correlation_id": "sc08-0000-0000-0000-000000000000", "tenant_id": "6c8b4b2b-4d45-4209-a1b4-4b532d56a31c", "event": "action_plan_received", "action_type": "RESTART_DEPLOYMENT", "pattern_type": "urgent", "runbook": "ServiceStuckRestartRunbook", "cost_cap_exceeded": false}
{"timestamp": "2026-07-01T21:18:14.151Z", "correlation_id": "sc08-0000-0000-0000-000000000000", "tenant_id": "6c8b4b2b-4d45-4209-a1b4-4b532d56a31c", "event": "safety_passed", "decision": "allow", "checks": "pattern_type_valid,verify_policy_present,action_allow_list,pattern_routing,tenant_match,blast_radius"}
{"timestamp": "2026-07-01T21:18:14.151Z", "correlation_id": "sc08-0000-0000-0000-000000000000", "tenant_id": "6c8b4b2b-4d45-4209-a1b4-4b532d56a31c", "event": "rollback_snapshot_captured", "namespace": "tenant-b", "snapshot_type": "urgent"}
{"timestamp": "2026-07-01T21:18:14.151Z", "correlation_id": "sc08-0000-0000-0000-000000000000", "tenant_id": "6c8b4b2b-4d45-4209-a1b4-4b532d56a31c", "event": "execute_done", "namespace": "tenant-b", "action_type": "RESTART_DEPLOYMENT", "result": "success", "target": "deployment/cdo-orders-api"}
{"timestamp": "2026-07-01T21:18:14.151Z", "correlation_id": "sc08-0000-0000-0000-000000000000", "tenant_id": "6c8b4b2b-4d45-4209-a1b4-4b532d56a31c", "event": "verify_called"}
{"timestamp": "2026-07-01T21:18:14.152Z", "correlation_id": "sc08-0000-0000-0000-000000000000", "tenant_id": "6c8b4b2b-4d45-4209-a1b4-4b532d56a31c", "event": "verify_done", "result": "ok", "next_action": "DONE", "success": true, "regression": false}
{"timestamp": "2026-07-01T21:18:14.152Z", "correlation_id": "sc08-0000-0000-0000-000000000000", "tenant_id": "6c8b4b2b-4d45-4209-a1b4-4b532d56a31c", "event": "incident_closed", "result": "auto_resolved"}
{"timestamp": "2026-07-01T21:18:14.153Z", "correlation_id": "sc09-0000-0000-0000-000000000000", "tenant_id": "6c8b4b2b-4d45-4209-a1b4-4b532d56a31c", "event": "alert_received", "namespace": "tenant-a"}
{"timestamp": "2026-07-01T21:18:14.153Z", "correlation_id": "sc09-0000-0000-0000-000000000000", "tenant_id": "6c8b4b2b-4d45-4209-a1b4-4b532d56a31c", "event": "detect_called"}
{"timestamp": "2026-07-01T21:18:14.179Z", "correlation_id": "sc09-0000-0000-0000-000000000000", "tenant_id": "6c8b4b2b-4d45-4209-a1b4-4b532d56a31c", "event": "detect_response_received", "result": "ok", "anomaly": true, "confidence": 0.92, "severity": 0.85}
{"timestamp": "2026-07-01T21:18:14.179Z", "correlation_id": "sc09-0000-0000-0000-000000000000", "tenant_id": "6c8b4b2b-4d45-4209-a1b4-4b532d56a31c", "event": "pre_decide_decision", "decision": "proceed_to_decide"}
{"timestamp": "2026-07-01T21:18:14.179Z", "correlation_id": "sc09-0000-0000-0000-000000000000", "tenant_id": "6c8b4b2b-4d45-4209-a1b4-4b532d56a31c", "event": "idempotency_lock_acquired", "idempotency_key": "a0297fe6-4bab-4853-b563-6485d68dd160"}
{"timestamp": "2026-07-01T21:18:14.179Z", "correlation_id": "sc09-0000-0000-0000-000000000000", "tenant_id": "6c8b4b2b-4d45-4209-a1b4-4b532d56a31c", "event": "decide_called", "idempotency_key": "a0297fe6-4bab-4853-b563-6485d68dd160"}
{"timestamp": "2026-07-01T21:18:14.181Z", "correlation_id": "sc09-0000-0000-0000-000000000000", "tenant_id": "6c8b4b2b-4d45-4209-a1b4-4b532d56a31c", "event": "action_plan_received", "action_type": "PATCH_MEMORY_LIMIT", "pattern_type": "urgent", "runbook": "OOMPatchMemoryRunbook", "cost_cap_exceeded": false}
{"timestamp": "2026-07-01T21:18:14.181Z", "correlation_id": "sc09-0000-0000-0000-000000000000", "tenant_id": "6c8b4b2b-4d45-4209-a1b4-4b532d56a31c", "event": "safety_passed", "decision": "allow", "checks": "pattern_type_valid,verify_policy_present,action_allow_list,pattern_routing,tenant_match,blast_radius"}
{"timestamp": "2026-07-01T21:18:14.181Z", "correlation_id": "sc09-0000-0000-0000-000000000000", "tenant_id": "6c8b4b2b-4d45-4209-a1b4-4b532d56a31c", "event": "rollback_snapshot_captured", "namespace": "tenant-a", "snapshot_type": "urgent"}
{"timestamp": "2026-07-01T21:18:14.181Z", "correlation_id": "sc09-0000-0000-0000-000000000000", "tenant_id": "6c8b4b2b-4d45-4209-a1b4-4b532d56a31c", "event": "execute_done", "namespace": "tenant-a", "action_type": "PATCH_MEMORY_LIMIT", "result": "success", "target": "deployment/cdo-sample-api"}
{"timestamp": "2026-07-01T21:18:14.181Z", "correlation_id": "sc09-0000-0000-0000-000000000000", "tenant_id": "6c8b4b2b-4d45-4209-a1b4-4b532d56a31c", "event": "verify_called"}
{"timestamp": "2026-07-01T21:18:14.195Z", "correlation_id": "sc09-0000-0000-0000-000000000000", "tenant_id": "6c8b4b2b-4d45-4209-a1b4-4b532d56a31c", "event": "verify_done", "result": "ok", "next_action": "ROLLBACK", "success": false, "regression": true}
{"timestamp": "2026-07-01T21:18:14.195Z", "correlation_id": "sc09-0000-0000-0000-000000000000", "tenant_id": "6c8b4b2b-4d45-4209-a1b4-4b532d56a31c", "event": "rollback_done", "action_type": "PATCH_MEMORY_LIMIT", "result": "completed"}
{"timestamp": "2026-07-01T21:18:14.195Z", "correlation_id": "sc10-0000-0000-0000-000000000000", "tenant_id": "6c8b4b2b-4d45-4209-a1b4-4b532d56a31c", "event": "alert_received", "namespace": "tenant-a"}
{"timestamp": "2026-07-01T21:18:14.195Z", "correlation_id": "sc10-0000-0000-0000-000000000000", "tenant_id": "6c8b4b2b-4d45-4209-a1b4-4b532d56a31c", "event": "detect_called"}
{"timestamp": "2026-07-01T21:18:14.197Z", "correlation_id": "sc10-0000-0000-0000-000000000000", "tenant_id": "6c8b4b2b-4d45-4209-a1b4-4b532d56a31c", "event": "detect_response_received", "result": "ok", "anomaly": true, "confidence": 0.92, "severity": 0.85}
{"timestamp": "2026-07-01T21:18:14.197Z", "correlation_id": "sc10-0000-0000-0000-000000000000", "tenant_id": "6c8b4b2b-4d45-4209-a1b4-4b532d56a31c", "event": "pre_decide_decision", "decision": "proceed_to_decide"}
{"timestamp": "2026-07-01T21:18:14.197Z", "correlation_id": "sc10-0000-0000-0000-000000000000", "tenant_id": "6c8b4b2b-4d45-4209-a1b4-4b532d56a31c", "event": "idempotency_lock_acquired", "idempotency_key": "0e39afc6-587d-4f8e-b666-1eb11daf8c53"}
{"timestamp": "2026-07-01T21:18:14.197Z", "correlation_id": "sc10-0000-0000-0000-000000000000", "tenant_id": "6c8b4b2b-4d45-4209-a1b4-4b532d56a31c", "event": "decide_called", "idempotency_key": "0e39afc6-587d-4f8e-b666-1eb11daf8c53"}
{"timestamp": "2026-07-01T21:18:14.198Z", "correlation_id": "sc10-0000-0000-0000-000000000000", "tenant_id": "6c8b4b2b-4d45-4209-a1b4-4b532d56a31c", "event": "action_plan_received", "action_type": "SCALE_REPLICAS", "pattern_type": "deferred", "runbook": "CapacityScaleRunbook", "cost_cap_exceeded": false}
{"timestamp": "2026-07-01T21:18:14.198Z", "correlation_id": "sc10-0000-0000-0000-000000000000", "tenant_id": "6c8b4b2b-4d45-4209-a1b4-4b532d56a31c", "event": "safety_passed", "decision": "allow", "checks": "pattern_type_valid,verify_policy_present,action_allow_list,pattern_routing,tenant_match,blast_radius"}
{"timestamp": "2026-07-01T21:18:14.198Z", "correlation_id": "sc10-0000-0000-0000-000000000000", "tenant_id": "6c8b4b2b-4d45-4209-a1b4-4b532d56a31c", "event": "rollback_snapshot_captured", "namespace": "tenant-a", "snapshot_type": "deferred"}
{"timestamp": "2026-07-01T21:18:14.198Z", "correlation_id": "sc10-0000-0000-0000-000000000000", "tenant_id": "6c8b4b2b-4d45-4209-a1b4-4b532d56a31c", "event": "execute_done", "namespace": "tenant-a", "action_type": "SCALE_REPLICAS", "result": "success", "target": "deployment/cdo-sample-api"}
{"timestamp": "2026-07-01T21:18:14.198Z", "correlation_id": "sc10-0000-0000-0000-000000000000", "tenant_id": "6c8b4b2b-4d45-4209-a1b4-4b532d56a31c", "event": "verify_called"}
{"timestamp": "2026-07-01T21:18:14.199Z", "correlation_id": "sc10-0000-0000-0000-000000000000", "tenant_id": "6c8b4b2b-4d45-4209-a1b4-4b532d56a31c", "event": "verify_done", "result": "ok", "next_action": "DONE", "success": true, "regression": false}
{"timestamp": "2026-07-01T21:18:14.200Z", "correlation_id": "sc10-0000-0000-0000-000000000000", "tenant_id": "6c8b4b2b-4d45-4209-a1b4-4b532d56a31c", "event": "incident_closed", "result": "auto_resolved"}
{"timestamp": "2026-07-01T21:18:14.200Z", "correlation_id": "sc11-0000-0000-0000-000000000000", "tenant_id": "6c8b4b2b-4d45-4209-a1b4-4b532d56a31c", "event": "alert_received", "namespace": "tenant-a"}
{"timestamp": "2026-07-01T21:18:14.200Z", "correlation_id": "sc11-0000-0000-0000-000000000000", "tenant_id": "6c8b4b2b-4d45-4209-a1b4-4b532d56a31c", "event": "detect_called"}
{"timestamp": "2026-07-01T21:18:14.201Z", "correlation_id": "sc11-0000-0000-0000-000000000000", "tenant_id": "6c8b4b2b-4d45-4209-a1b4-4b532d56a31c", "event": "detect_response_received", "result": "ok", "anomaly": true, "confidence": 0.92, "severity": 0.85}
{"timestamp": "2026-07-01T21:18:14.201Z", "correlation_id": "sc11-0000-0000-0000-000000000000", "tenant_id": "6c8b4b2b-4d45-4209-a1b4-4b532d56a31c", "event": "pre_decide_decision", "decision": "proceed_to_decide"}
{"timestamp": "2026-07-01T21:18:14.201Z", "correlation_id": "sc11-0000-0000-0000-000000000000", "tenant_id": "6c8b4b2b-4d45-4209-a1b4-4b532d56a31c", "event": "idempotency_lock_acquired", "idempotency_key": "152a0854-dba7-4cd0-9c3a-bd567fb53a87"}
{"timestamp": "2026-07-01T21:18:14.201Z", "correlation_id": "sc11-0000-0000-0000-000000000000", "tenant_id": "6c8b4b2b-4d45-4209-a1b4-4b532d56a31c", "event": "decide_called", "idempotency_key": "152a0854-dba7-4cd0-9c3a-bd567fb53a87"}
{"timestamp": "2026-07-01T21:18:14.202Z", "correlation_id": "sc11-0000-0000-0000-000000000000", "tenant_id": "6c8b4b2b-4d45-4209-a1b4-4b532d56a31c", "event": "action_plan_received", "action_type": "RESTART_DEPLOYMENT", "pattern_type": "urgent", "runbook": "ServiceStuckRestartRunbook", "cost_cap_exceeded": false}
{"timestamp": "2026-07-01T21:18:14.202Z", "correlation_id": "sc11-0000-0000-0000-000000000000", "tenant_id": "6c8b4b2b-4d45-4209-a1b4-4b532d56a31c", "event": "safety_denied", "action_type": "RESTART_DEPLOYMENT", "decision": "deny", "reason": "denied_cross_tenant", "detail": "target ns=tenant-b ≠ incident ns=tenant-a"}
{"timestamp": "2026-07-01T21:18:14.202Z", "correlation_id": "sc11-0000-0000-0000-000000000000", "tenant_id": "6c8b4b2b-4d45-4209-a1b4-4b532d56a31c", "event": "escalated", "namespace": "tenant-a", "decision": "escalate", "reason": "denied_cross_tenant", "escalation_bundle": {"reason": "Safety Gate từ chối: target nằm ngoài tenant của sự cố (cross-tenant).", "logs": ["detect: anomaly=True conf=0.92 sev=0.85 :: mock detect scenario=cross_tenant", "action_attempted: RESTART_DEPLOYMENT target=deployment/cdo-sample-api runbook=ServiceStuckRestartRunbook pattern=urgent"], "metrics": {"correlation_id": "sc11-0000-0000-0000-000000000000", "namespace": "tenant-a", "escalation_reason_code": "denied_cross_tenant", "confidence": 0.92, "severity": 0.85, "suspected_fault_type": "cross_tenant", "pod_waiting_reason": "CrashLoopBackOff"}}}
{"timestamp": "2026-07-01T21:18:14.202Z", "correlation_id": "sc11-0000-0000-0000-000000000000", "tenant_id": "6c8b4b2b-4d45-4209-a1b4-4b532d56a31c", "event": "escalation_delivered", "reason": "denied_cross_tenant", "channel": "mock_pager"}
{"timestamp": "2026-07-01T21:18:14.203Z", "correlation_id": "sc12-0000-0000-0000-000000000000", "tenant_id": "6c8b4b2b-4d45-4209-a1b4-4b532d56a31c", "event": "alert_received", "namespace": "tenant-a"}
{"timestamp": "2026-07-01T21:18:14.203Z", "correlation_id": "sc12-0000-0000-0000-000000000000", "tenant_id": "6c8b4b2b-4d45-4209-a1b4-4b532d56a31c", "event": "detect_called"}
{"timestamp": "2026-07-01T21:18:14.227Z", "correlation_id": "sc12-0000-0000-0000-000000000000", "tenant_id": "6c8b4b2b-4d45-4209-a1b4-4b532d56a31c", "event": "detect_response_received", "result": "ok", "anomaly": true, "confidence": 0.92, "severity": 0.85}
{"timestamp": "2026-07-01T21:18:14.227Z", "correlation_id": "sc12-0000-0000-0000-000000000000", "tenant_id": "6c8b4b2b-4d45-4209-a1b4-4b532d56a31c", "event": "pre_decide_decision", "decision": "proceed_to_decide"}
{"timestamp": "2026-07-01T21:18:14.227Z", "correlation_id": "sc12-0000-0000-0000-000000000000", "tenant_id": "6c8b4b2b-4d45-4209-a1b4-4b532d56a31c", "event": "idempotency_lock_acquired", "idempotency_key": "fa25a579-a171-46d2-9df8-3693fc4409bc"}
{"timestamp": "2026-07-01T21:18:14.227Z", "correlation_id": "sc12-0000-0000-0000-000000000000", "tenant_id": "6c8b4b2b-4d45-4209-a1b4-4b532d56a31c", "event": "decide_called", "idempotency_key": "fa25a579-a171-46d2-9df8-3693fc4409bc"}
{"timestamp": "2026-07-01T21:18:14.229Z", "correlation_id": "sc12-0000-0000-0000-000000000000", "tenant_id": "6c8b4b2b-4d45-4209-a1b4-4b532d56a31c", "event": "action_plan_received", "action_type": "DELETE_NAMESPACE", "pattern_type": "urgent", "runbook": "n/a", "cost_cap_exceeded": false}
{"timestamp": "2026-07-01T21:18:14.229Z", "correlation_id": "sc12-0000-0000-0000-000000000000", "tenant_id": "6c8b4b2b-4d45-4209-a1b4-4b532d56a31c", "event": "safety_denied", "action_type": "DELETE_NAMESPACE", "decision": "deny", "reason": "denied_action_not_allowed", "detail": "DELETE_NAMESPACE"}
{"timestamp": "2026-07-01T21:18:14.229Z", "correlation_id": "sc12-0000-0000-0000-000000000000", "tenant_id": "6c8b4b2b-4d45-4209-a1b4-4b532d56a31c", "event": "escalated", "namespace": "tenant-a", "decision": "escalate", "reason": "denied_action_not_allowed", "escalation_bundle": {"reason": "Safety Gate từ chối: action không thuộc allow-list.", "logs": ["detect: anomaly=True conf=0.92 sev=0.85 :: mock detect scenario=unsafe_action", "action_attempted: DELETE_NAMESPACE target=deployment/cdo-sample-api runbook=n/a pattern=urgent"], "metrics": {"correlation_id": "sc12-0000-0000-0000-000000000000", "namespace": "tenant-a", "escalation_reason_code": "denied_action_not_allowed", "confidence": 0.92, "severity": 0.85, "suspected_fault_type": "unsafe_action", "pod_waiting_reason": "CrashLoopBackOff"}}}
{"timestamp": "2026-07-01T21:18:14.229Z", "correlation_id": "sc12-0000-0000-0000-000000000000", "tenant_id": "6c8b4b2b-4d45-4209-a1b4-4b532d56a31c", "event": "escalation_delivered", "reason": "denied_action_not_allowed", "channel": "mock_pager"}
{"timestamp": "2026-07-01T21:18:14.229Z", "correlation_id": "sc13-0000-0000-0000-000000000000", "tenant_id": "6c8b4b2b-4d45-4209-a1b4-4b532d56a31c", "event": "alert_received", "namespace": "tenant-a"}
{"timestamp": "2026-07-01T21:18:14.229Z", "correlation_id": "sc13-0000-0000-0000-000000000000", "tenant_id": "6c8b4b2b-4d45-4209-a1b4-4b532d56a31c", "event": "detect_called"}
{"timestamp": "2026-07-01T21:18:14.230Z", "correlation_id": "sc13-0000-0000-0000-000000000000", "tenant_id": "6c8b4b2b-4d45-4209-a1b4-4b532d56a31c", "event": "detect_response_received", "result": "ok", "anomaly": true, "confidence": 0.55, "severity": 0.3}
{"timestamp": "2026-07-01T21:18:14.230Z", "correlation_id": "sc13-0000-0000-0000-000000000000", "tenant_id": "6c8b4b2b-4d45-4209-a1b4-4b532d56a31c", "event": "pre_decide_decision", "decision": "low_confidence_no_action"}
{"timestamp": "2026-07-01T21:18:14.230Z", "correlation_id": "sc13-0000-0000-0000-000000000000", "tenant_id": "6c8b4b2b-4d45-4209-a1b4-4b532d56a31c", "event": "incident_closed", "result": "no_action", "reason": "low_confidence_no_action"}
{"timestamp": "2026-07-01T21:18:14.230Z", "correlation_id": "sc14-0000-0000-0000-000000000000", "tenant_id": "6c8b4b2b-4d45-4209-a1b4-4b532d56a31c", "event": "alert_received", "namespace": "tenant-a"}
{"timestamp": "2026-07-01T21:18:14.230Z", "correlation_id": "sc14-0000-0000-0000-000000000000", "tenant_id": "6c8b4b2b-4d45-4209-a1b4-4b532d56a31c", "event": "detect_called"}
{"timestamp": "2026-07-01T21:18:14.243Z", "correlation_id": "sc14-0000-0000-0000-000000000000", "tenant_id": "6c8b4b2b-4d45-4209-a1b4-4b532d56a31c", "event": "detect_response_received", "result": "ok", "anomaly": true, "confidence": 0.92, "severity": 0.85}
{"timestamp": "2026-07-01T21:18:14.243Z", "correlation_id": "sc14-0000-0000-0000-000000000000", "tenant_id": "6c8b4b2b-4d45-4209-a1b4-4b532d56a31c", "event": "pre_decide_decision", "decision": "proceed_to_decide"}
{"timestamp": "2026-07-01T21:18:14.243Z", "correlation_id": "sc14-0000-0000-0000-000000000000", "tenant_id": "6c8b4b2b-4d45-4209-a1b4-4b532d56a31c", "event": "idempotency_lock_acquired", "idempotency_key": "a279a30e-ad02-44ef-8b7b-5a720a84c076"}
{"timestamp": "2026-07-01T21:18:14.243Z", "correlation_id": "sc14-0000-0000-0000-000000000000", "tenant_id": "6c8b4b2b-4d45-4209-a1b4-4b532d56a31c", "event": "decide_called", "idempotency_key": "a279a30e-ad02-44ef-8b7b-5a720a84c076"}
{"timestamp": "2026-07-01T21:18:14.245Z", "correlation_id": "sc14-0000-0000-0000-000000000000", "tenant_id": "6c8b4b2b-4d45-4209-a1b4-4b532d56a31c", "event": "action_plan_received", "action_type": "RESTART_DEPLOYMENT", "pattern_type": "urgent", "runbook": "ServiceStuckRestartRunbook", "cost_cap_exceeded": false}
{"timestamp": "2026-07-01T21:18:14.245Z", "correlation_id": "sc14-0000-0000-0000-000000000000", "tenant_id": "6c8b4b2b-4d45-4209-a1b4-4b532d56a31c", "event": "safety_passed", "decision": "allow", "checks": "pattern_type_valid,verify_policy_present,action_allow_list,pattern_routing,tenant_match,blast_radius"}
{"timestamp": "2026-07-01T21:18:14.245Z", "correlation_id": "sc14-0000-0000-0000-000000000000", "tenant_id": "6c8b4b2b-4d45-4209-a1b4-4b532d56a31c", "event": "rollback_snapshot_captured", "namespace": "tenant-a", "snapshot_type": "urgent"}
{"timestamp": "2026-07-01T21:18:14.245Z", "correlation_id": "sc14-0000-0000-0000-000000000000", "tenant_id": "6c8b4b2b-4d45-4209-a1b4-4b532d56a31c", "event": "execute_done", "namespace": "tenant-a", "action_type": "RESTART_DEPLOYMENT", "result": "success", "target": "deployment/cdo-sample-api"}
{"timestamp": "2026-07-01T21:18:14.245Z", "correlation_id": "sc14-0000-0000-0000-000000000000", "tenant_id": "6c8b4b2b-4d45-4209-a1b4-4b532d56a31c", "event": "verify_called"}
{"timestamp": "2026-07-01T21:18:14.246Z", "correlation_id": "sc14-0000-0000-0000-000000000000", "tenant_id": "6c8b4b2b-4d45-4209-a1b4-4b532d56a31c", "event": "verify_done", "result": "ok", "next_action": "ESCALATE", "success": false, "regression": false}
{"timestamp": "2026-07-01T21:18:14.246Z", "correlation_id": "sc14-0000-0000-0000-000000000000", "tenant_id": "6c8b4b2b-4d45-4209-a1b4-4b532d56a31c", "event": "escalated", "namespace": "tenant-a", "decision": "escalate", "reason": "verify_escalate", "escalation_bundle": {"reason": "Sau RESTART, error_rate vẫn vượt ngưỡng — AI không tự xử được.", "logs": ["app: connection pool exhausted", "app: 503 upstream", "detect: anomaly=True conf=0.92 sev=0.85 :: mock detect scenario=verify_escalate", "action_attempted: RESTART_DEPLOYMENT target=deployment/cdo-sample-api runbook=ServiceStuckRestartRunbook pattern=urgent", "execute_result: status=COMPLETED detail={'action': 'RESTART_DEPLOYMENT', 'namespace': 'tenant-a', 'name': 'cdo-sample-api', 'dry_run': False, 'status': 'MOCK_OK'}", "rollback_snapshot: type=urgent at=2026-07-01T21:18:14Z"], "metrics": {"correlation_id": "sc14-0000-0000-0000-000000000000", "namespace": "tenant-a", "escalation_reason_code": "verify_escalate", "confidence": 0.92, "severity": 0.85, "suspected_fault_type": "verify_escalate", "service_error_rate": 0.4, "error_rate": 0.42, "p95_latency_ms": 3100}}}
{"timestamp": "2026-07-01T21:18:14.246Z", "correlation_id": "sc14-0000-0000-0000-000000000000", "tenant_id": "6c8b4b2b-4d45-4209-a1b4-4b532d56a31c", "event": "escalation_delivered", "reason": "verify_escalate", "channel": "mock_pager"}

============================================================
  Rounds run         : 10633
  Incidents injected : 148862
  Auto-resolved      : 106330/148862 = 71.4%  (target >=60%)
  Match expected     : 148862/148862
============================================================

  RESULT: PASS

